Started GET "/" for ::1 at 2020-10-08 16:36:51 -0700
DEPRECATION WARNING: ActiveRecord::Base.raise_in_transactional_callbacks= is deprecated, has no effect and will be removed without replacement. (called from block (3 levels) in <class:Railtie> at /Users/carlosgarciajr/.rbenv/versions/2.5.1/lib/ruby/gems/2.5.0/gems/activerecord-5.0.7.2/lib/active_record/railtie.rb:113)
Processing by StaticPagesController#index as HTML
  Rendering static_pages/index.html.erb within layouts/application
  Rendered shared/_main_nav.html.erb (0.3ms)
  Rendered shared/_masthead.html.erb (0.2ms)
  Rendered shared/_sections_nav.html.erb (0.2ms)
  Rendered shared/_search_modal.html.erb (0.2ms)
  Rendered shared/_main_content.html.erb (0.2ms)
  Rendered static_pages/index.html.erb within layouts/application (15.2ms)
Completed 200 OK in 362ms (Views: 358.9ms | ActiveRecord: 0.0ms)


Started GET "/assets/application.self-5e5b219656abf8c4e83f7dfd5e5f4f415d8fe2348d16620303a4ed96d1b5a144.css?body=1" for ::1 at 2020-10-08 16:36:52 -0700
Started GET "/" for ::1 at 2020-10-08 16:36:53 -0700
Processing by StaticPagesController#index as HTML
  Rendering static_pages/index.html.erb within layouts/application
  Rendered shared/_main_nav.html.erb (0.2ms)
  Rendered shared/_masthead.html.erb (0.2ms)
  Rendered shared/_sections_nav.html.erb (0.2ms)
  Rendered shared/_search_modal.html.erb (0.2ms)
  Rendered shared/_main_content.html.erb (0.1ms)
  Rendered static_pages/index.html.erb within layouts/application (13.2ms)
Completed 200 OK in 29ms (Views: 26.9ms | ActiveRecord: 0.0ms)


Started GET "/" for ::1 at 2020-10-08 16:37:17 -0700
Processing by StaticPagesController#index as HTML
  Rendering static_pages/index.html.erb within layouts/application
  Rendered shared/_main_nav.html.erb (0.2ms)
  Rendered shared/_masthead.html.erb (0.2ms)
  Rendered shared/_sections_nav.html.erb (0.2ms)
  Rendered shared/_search_modal.html.erb (0.2ms)
  Rendered shared/_main_content.html.erb (0.2ms)
  Rendered static_pages/index.html.erb within layouts/application (14.6ms)
Completed 200 OK in 35ms (Views: 31.8ms | ActiveRecord: 0.0ms)


Started GET "/" for ::1 at 2020-10-08 16:37:20 -0700
Processing by StaticPagesController#index as HTML
  Rendering static_pages/index.html.erb within layouts/application
  Rendered shared/_main_nav.html.erb (0.2ms)
  Rendered shared/_masthead.html.erb (0.2ms)
  Rendered shared/_sections_nav.html.erb (0.2ms)
  Rendered shared/_search_modal.html.erb (0.2ms)
  Rendered shared/_main_content.html.erb (0.2ms)
  Rendered static_pages/index.html.erb within layouts/application (12.8ms)
Completed 200 OK in 30ms (Views: 27.7ms | ActiveRecord: 0.0ms)


Started GET "/" for ::1 at 2020-10-09 09:59:50 -0700
DEPRECATION WARNING: ActiveRecord::Base.raise_in_transactional_callbacks= is deprecated, has no effect and will be removed without replacement. (called from block (3 levels) in <class:Railtie> at /Users/carlosgarciajr/.rbenv/versions/2.5.1/lib/ruby/gems/2.5.0/gems/activerecord-5.0.7.2/lib/active_record/railtie.rb:113)
Processing by StaticPagesController#index as HTML
  Rendering static_pages/index.html.erb within layouts/application
  Rendered shared/_main_nav.html.erb (0.3ms)
  Rendered shared/_masthead.html.erb (0.2ms)
  Rendered shared/_sections_nav.html.erb (0.2ms)
  Rendered shared/_search_modal.html.erb (0.2ms)
  Rendered shared/_main_content.html.erb (0.2ms)
  Rendered static_pages/index.html.erb within layouts/application (15.4ms)
Completed 200 OK in 353ms (Views: 350.1ms | ActiveRecord: 0.0ms)


Started GET "/assets/application.self-7aae4f884d21c0f895d0e25909b4a3857ca3f7bdd4412baf28bf32a8b1f558b1.css?body=1" for ::1 at 2020-10-09 09:59:51 -0700
Started GET "/" for ::1 at 2020-10-09 10:00:16 -0700
Processing by StaticPagesController#index as HTML
  Rendering static_pages/index.html.erb within layouts/application
  Rendered shared/_main_nav.html.erb (0.2ms)
  Rendered shared/_masthead.html.erb (0.2ms)
  Rendered shared/_sections_nav.html.erb (0.1ms)
  Rendered shared/_search_modal.html.erb (0.2ms)
  Rendered shared/_main_content.html.erb (0.4ms)
  Rendered static_pages/index.html.erb within layouts/application (12.9ms)
Completed 200 OK in 34ms (Views: 30.5ms | ActiveRecord: 0.0ms)


Started GET "/assets/new_office.jpg" for ::1 at 2020-10-09 10:00:16 -0700
Started GET "/" for ::1 at 2020-10-09 10:03:51 -0700
Processing by StaticPagesController#index as HTML
  Rendering static_pages/index.html.erb within layouts/application
  Rendered shared/_main_nav.html.erb (0.2ms)
  Rendered shared/_masthead.html.erb (0.2ms)
  Rendered shared/_sections_nav.html.erb (0.3ms)
  Rendered shared/_search_modal.html.erb (0.2ms)
  Rendered shared/_main_content.html.erb (0.3ms)
  Rendered static_pages/index.html.erb within layouts/application (13.1ms)
Completed 200 OK in 109ms (Views: 104.9ms | ActiveRecord: 0.0ms)


Started GET "/assets/application.self-e229079662ba64eec2df88cc9898f07a6b5005419aa37c928d3d684a6d58d3e4.css?body=1" for ::1 at 2020-10-09 10:03:51 -0700
Started GET "/assets/new_office.jpg" for ::1 at 2020-10-09 10:03:51 -0700
Started GET "/" for ::1 at 2020-10-12 13:48:14 -0700
DEPRECATION WARNING: ActiveRecord::Base.raise_in_transactional_callbacks= is deprecated, has no effect and will be removed without replacement. (called from block (3 levels) in <class:Railtie> at /Users/carlosgarciajr/.rbenv/versions/2.5.1/lib/ruby/gems/2.5.0/gems/activerecord-5.0.7.2/lib/active_record/railtie.rb:113)
Processing by StaticPagesController#index as HTML
  Rendering static_pages/index.html.erb within layouts/application
  Rendered shared/_main_nav.html.erb (0.2ms)
  Rendered shared/_masthead.html.erb (0.1ms)
  Rendered shared/_sections_nav.html.erb (0.1ms)
  Rendered shared/_search_modal.html.erb (0.2ms)
  Rendered shared/_main_content.html.erb (0.3ms)
  Rendered static_pages/index.html.erb within layouts/application (14.5ms)
Completed 500 Internal Server Error in 194ms (ActiveRecord: 0.0ms)



Sass::SyntaxError - File to import not found or unreadable: base/grid.scss.
Load paths:
  /Users/carlosgarciajr/Documents/programming/app_academy_work/curriculum/html-css/projects/aa_times/skeleton/app/assets/images
  /Users/carlosgarciajr/Documents/programming/app_academy_work/curriculum/html-css/projects/aa_times/skeleton/app/assets/javascripts
  /Users/carlosgarciajr/Documents/programming/app_academy_work/curriculum/html-css/projects/aa_times/skeleton/app/assets/stylesheets
  /Users/carlosgarciajr/Documents/programming/app_academy_work/curriculum/html-css/projects/aa_times/skeleton/vendor/assets/javascripts
  /Users/carlosgarciajr/Documents/programming/app_academy_work/curriculum/html-css/projects/aa_times/skeleton/vendor/assets/stylesheets
  /Users/carlosgarciajr/.rbenv/versions/2.5.1/lib/ruby/gems/2.5.0/gems/jquery-rails-4.4.0/vendor/assets/javascripts
  /Users/carlosgarciajr/.rbenv/versions/2.5.1/lib/ruby/gems/2.5.0/gems/coffee-rails-4.2.2/lib/assets/javascripts
  /Users/carlosgarciajr/.rbenv/versions/2.5.1/lib/ruby/gems/2.5.0/gems/actioncable-5.0.7.2/lib/assets/compiled:
  app/views/layouts/application.html.erb:7:in `_app_views_layouts_application_html_erb___270333905406359367_70279989431840'

Started POST "/__better_errors/927a171e4587d656/variables" for ::1 at 2020-10-12 13:48:14 -0700
Started GET "/" for ::1 at 2020-10-12 13:48:41 -0700
Processing by StaticPagesController#index as HTML
  Rendering static_pages/index.html.erb within layouts/application
  Rendered shared/_main_nav.html.erb (0.2ms)
  Rendered shared/_masthead.html.erb (0.1ms)
  Rendered shared/_sections_nav.html.erb (0.3ms)
  Rendered shared/_search_modal.html.erb (0.3ms)
  Rendered shared/_main_content.html.erb (0.2ms)
  Rendered static_pages/index.html.erb within layouts/application (12.8ms)
Completed 200 OK in 110ms (Views: 107.4ms | ActiveRecord: 0.0ms)


Started GET "/assets/application.self-1237ad35a9ee79bd64030d4638d1fd80f6734c490eb538e0dd01d7af3c16bf40.css?body=1" for ::1 at 2020-10-12 13:48:41 -0700
Started GET "/" for ::1 at 2020-10-12 13:48:43 -0700
Processing by StaticPagesController#index as HTML
  Rendering static_pages/index.html.erb within layouts/application
  Rendered shared/_main_nav.html.erb (0.2ms)
  Rendered shared/_masthead.html.erb (0.2ms)
  Rendered shared/_sections_nav.html.erb (0.2ms)
  Rendered shared/_search_modal.html.erb (0.2ms)
  Rendered shared/_main_content.html.erb (0.2ms)
  Rendered static_pages/index.html.erb within layouts/application (13.1ms)
Completed 200 OK in 33ms (Views: 29.9ms | ActiveRecord: 0.0ms)


Started GET "/" for ::1 at 2020-10-12 13:55:52 -0700
DEPRECATION WARNING: ActiveRecord::Base.raise_in_transactional_callbacks= is deprecated, has no effect and will be removed without replacement. (called from block (3 levels) in <class:Railtie> at /Users/carlosgarciajr/.rbenv/versions/2.5.1/lib/ruby/gems/2.5.0/gems/activerecord-5.0.7.2/lib/active_record/railtie.rb:113)
Processing by StaticPagesController#index as HTML
  Rendering static_pages/index.html.erb within layouts/application
  Rendered shared/_main_nav.html.erb (0.2ms)
  Rendered shared/_masthead.html.erb (0.1ms)
  Rendered shared/_sections_nav.html.erb (0.3ms)
  Rendered shared/_search_modal.html.erb (0.2ms)
  Rendered shared/_main_content.html.erb (0.3ms)
  Rendered static_pages/index.html.erb within layouts/application (14.6ms)
Completed 200 OK in 257ms (Views: 254.8ms | ActiveRecord: 0.0ms)


Started GET "/assets/application.self-758afe40c177e32f890a8b8e23f11571b5d1785af915c0789bd6a19191afc6ab.css?body=1" for ::1 at 2020-10-12 13:55:52 -0700
Started GET "/assets/new_office.jpg" for ::1 at 2020-10-12 13:55:52 -0700
Started GET "/" for ::1 at 2020-10-12 13:56:32 -0700
Processing by StaticPagesController#index as HTML
  Rendering static_pages/index.html.erb within layouts/application
  Rendered shared/_main_nav.html.erb (0.1ms)
  Rendered shared/_masthead.html.erb (0.2ms)
  Rendered shared/_sections_nav.html.erb (0.1ms)
  Rendered shared/_search_modal.html.erb (0.3ms)
  Rendered shared/_main_content.html.erb (0.3ms)
  Rendered static_pages/index.html.erb within layouts/application (12.3ms)
Completed 200 OK in 75ms (Views: 72.8ms | ActiveRecord: 0.0ms)


Started GET "/assets/application.self-e229079662ba64eec2df88cc9898f07a6b5005419aa37c928d3d684a6d58d3e4.css?body=1" for ::1 at 2020-10-12 13:56:32 -0700
Started GET "/assets/new_office.jpg" for ::1 at 2020-10-12 13:56:32 -0700
Started GET "/" for ::1 at 2020-10-12 13:56:33 -0700
Processing by StaticPagesController#index as HTML
  Rendering static_pages/index.html.erb within layouts/application
  Rendered shared/_main_nav.html.erb (0.2ms)
  Rendered shared/_masthead.html.erb (0.2ms)
  Rendered shared/_sections_nav.html.erb (0.2ms)
  Rendered shared/_search_modal.html.erb (0.2ms)
  Rendered shared/_main_content.html.erb (0.2ms)
  Rendered static_pages/index.html.erb within layouts/application (12.9ms)
Completed 200 OK in 34ms (Views: 31.3ms | ActiveRecord: 0.0ms)


Started GET "/assets/new_office.jpg" for ::1 at 2020-10-12 13:56:33 -0700
Started GET "/" for ::1 at 2020-10-12 13:57:15 -0700
Processing by StaticPagesController#index as HTML
  Rendering static_pages/index.html.erb within layouts/application
  Rendered shared/_main_nav.html.erb (0.2ms)
  Rendered shared/_masthead.html.erb (0.2ms)
  Rendered shared/_sections_nav.html.erb (0.2ms)
  Rendered shared/_search_modal.html.erb (0.2ms)
  Rendered shared/_main_content.html.erb (0.3ms)
  Rendered static_pages/index.html.erb within layouts/application (12.6ms)
Completed 200 OK in 92ms (Views: 88.2ms | ActiveRecord: 0.0ms)


Started GET "/assets/application.self-7aae4f884d21c0f895d0e25909b4a3857ca3f7bdd4412baf28bf32a8b1f558b1.css?body=1" for ::1 at 2020-10-12 13:57:15 -0700
Started GET "/assets/new_office.jpg" for ::1 at 2020-10-12 13:57:15 -0700
Started GET "/" for ::1 at 2021-07-20 17:53:02 -0700
DEPRECATION WARNING: ActiveRecord::Base.raise_in_transactional_callbacks= is deprecated, has no effect and will be removed without replacement. (called from block (3 levels) in <class:Railtie> at /Users/carterbacon/.rbenv/versions/2.5.1/lib/ruby/gems/2.5.0/gems/activerecord-5.0.7.2/lib/active_record/railtie.rb:113)
Processing by StaticPagesController#index as HTML
  Rendering static_pages/index.html.erb within layouts/application
  Rendered shared/_main_nav.html.erb (0.2ms)
  Rendered shared/_masthead.html.erb (0.2ms)
  Rendered shared/_sections_nav.html.erb (0.1ms)
  Rendered shared/_search_modal.html.erb (0.2ms)
  Rendered shared/_main_content.html.erb (0.1ms)
  Rendered static_pages/index.html.erb within layouts/application (12.8ms)
Completed 200 OK in 373ms (Views: 370.8ms | ActiveRecord: 0.0ms)


Started GET "/assets/application.self-a8d5a361e7a8268a45913bb311c19bc77d4505d5cf67fb53c652fe6e76eae6b6.css?body=1" for ::1 at 2021-07-20 17:53:03 -0700
Started GET "/assets/components/sidebar.self-2a1277f850a6fa21e1a974ef5152f177ac05516477d5081d593bb137b3d6808b.js?body=1" for ::1 at 2021-07-20 17:53:03 -0700
Started GET "/assets/jquery_ujs.self-784a997f6726036b1993eb2217c9cb558e1cbb801c6da88105588c56f13b466a.js?body=1" for ::1 at 2021-07-20 17:53:03 -0700
Started GET "/assets/jquery.self-bd7ddd393353a8d2480a622e80342adf488fb6006d667e8b42e4c0073393abee.js?body=1" for ::1 at 2021-07-20 17:53:03 -0700
Started GET "/assets/application.self-f571b9db02bf4ed04c38a6a29072ac382f7d4f47db1fab9817aeadb0d8665235.js?body=1" for ::1 at 2021-07-20 17:53:03 -0700
Started GET "/assets/components/modal.self-52188644dbb47def5ee35ae02e69eb567ca9b664472357a8a5789dd39032a265.js?body=1" for ::1 at 2021-07-20 17:53:03 -0700
Started GET "/cats/" for ::1 at 2021-07-21 15:44:31 -0700
  
ActionController::RoutingError (No route matches [GET] "/cats"):
  
actionpack (5.0.7.2) lib/action_dispatch/middleware/debug_exceptions.rb:53:in `call'
web-console (3.7.0) lib/web_console/middleware.rb:135:in `call_app'
web-console (3.7.0) lib/web_console/middleware.rb:30:in `block in call'
web-console (3.7.0) lib/web_console/middleware.rb:20:in `catch'
web-console (3.7.0) lib/web_console/middleware.rb:20:in `call'
actionpack (5.0.7.2) lib/action_dispatch/middleware/show_exceptions.rb:31:in `call'
railties (5.0.7.2) lib/rails/rack/logger.rb:36:in `call_app'
railties (5.0.7.2) lib/rails/rack/logger.rb:24:in `block in call'
activesupport (5.0.7.2) lib/active_support/tagged_logging.rb:69:in `block in tagged'
activesupport (5.0.7.2) lib/active_support/tagged_logging.rb:26:in `tagged'
activesupport (5.0.7.2) lib/active_support/tagged_logging.rb:69:in `tagged'
railties (5.0.7.2) lib/rails/rack/logger.rb:24:in `call'
actionpack (5.0.7.2) lib/action_dispatch/middleware/request_id.rb:24:in `call'
rack (2.2.3) lib/rack/method_override.rb:24:in `call'
rack (2.2.3) lib/rack/runtime.rb:22:in `call'
activesupport (5.0.7.2) lib/active_support/cache/strategy/local_cache_middleware.rb:28:in `call'
actionpack (5.0.7.2) lib/action_dispatch/middleware/executor.rb:12:in `call'
rack-livereload (0.3.17) lib/rack/livereload.rb:23:in `_call'
rack-livereload (0.3.17) lib/rack/livereload.rb:14:in `call'
actionpack (5.0.7.2) lib/action_dispatch/middleware/static.rb:136:in `call'
rack (2.2.3) lib/rack/sendfile.rb:110:in `call'
railties (5.0.7.2) lib/rails/engine.rb:522:in `call'
puma (3.12.6) lib/puma/configuration.rb:227:in `call'
puma (3.12.6) lib/puma/server.rb:706:in `handle_request'
puma (3.12.6) lib/puma/server.rb:476:in `process_client'
puma (3.12.6) lib/puma/server.rb:334:in `block in run'
puma (3.12.6) lib/puma/thread_pool.rb:135:in `block in spawn_thread'
  Rendering /Users/carterbacon/.rbenv/versions/2.5.1/lib/ruby/gems/2.5.0/gems/actionpack-5.0.7.2/lib/action_dispatch/middleware/templates/rescues/routing_error.html.erb within rescues/layout
  Rendering /Users/carterbacon/.rbenv/versions/2.5.1/lib/ruby/gems/2.5.0/gems/actionpack-5.0.7.2/lib/action_dispatch/middleware/templates/rescues/_trace.html.erb
  Rendered /Users/carterbacon/.rbenv/versions/2.5.1/lib/ruby/gems/2.5.0/gems/actionpack-5.0.7.2/lib/action_dispatch/middleware/templates/rescues/_trace.html.erb (2.4ms)
  Rendered collection of /Users/carterbacon/.rbenv/versions/2.5.1/lib/ruby/gems/2.5.0/gems/actionpack-5.0.7.2/lib/action_dispatch/middleware/templates/routes/_route.html.erb [1 times] (3.7ms)
  Rendered /Users/carterbacon/.rbenv/versions/2.5.1/lib/ruby/gems/2.5.0/gems/actionpack-5.0.7.2/lib/action_dispatch/middleware/templates/routes/_table.html.erb (31.6ms)
  Rendering /Users/carterbacon/.rbenv/versions/2.5.1/lib/ruby/gems/2.5.0/gems/actionpack-5.0.7.2/lib/action_dispatch/middleware/templates/rescues/_request_and_response.html.erb
  Rendered /Users/carterbacon/.rbenv/versions/2.5.1/lib/ruby/gems/2.5.0/gems/actionpack-5.0.7.2/lib/action_dispatch/middleware/templates/rescues/_request_and_response.html.erb (4.0ms)
  Rendered /Users/carterbacon/.rbenv/versions/2.5.1/lib/ruby/gems/2.5.0/gems/actionpack-5.0.7.2/lib/action_dispatch/middleware/templates/rescues/routing_error.html.erb within rescues/layout (191.8ms)
Started GET "/" for ::1 at 2021-07-21 15:44:36 -0700
Processing by StaticPagesController#index as HTML
  Rendering static_pages/index.html.erb within layouts/application
  Rendered shared/_main_nav.html.erb (0.3ms)
  Rendered shared/_masthead.html.erb (0.3ms)
  Rendered shared/_sections_nav.html.erb (0.3ms)
  Rendered shared/_search_modal.html.erb (0.2ms)
  Rendered shared/_main_content.html.erb (0.2ms)
  Rendered static_pages/index.html.erb within layouts/application (13.7ms)
Completed 200 OK in 140ms (Views: 135.8ms | ActiveRecord: 0.0ms)


Started GET "/assets/application.self-25d989be52ad0224cc8a46afb02b30b801c02dda829eb60fc89936ff26e2c139.css?body=1" for ::1 at 2021-07-21 15:44:36 -0700
Started GET "/assets/application.self-25d989be52ad0224cc8a46afb02b30b801c02dda829eb60fc89936ff26e2c139.css?body=1&livereload=1626907562379" for ::1 at 2021-07-21 15:46:02 -0700
Started GET "/assets/application.self-25d989be52ad0224cc8a46afb02b30b801c02dda829eb60fc89936ff26e2c139.css?body=1&livereload=1626907562378" for ::1 at 2021-07-21 15:46:02 -0700
Started GET "/assets/application.self-25d989be52ad0224cc8a46afb02b30b801c02dda829eb60fc89936ff26e2c139.css?body=1&livereload=1626907766225" for ::1 at 2021-07-21 15:49:26 -0700
Started GET "/assets/application.self-25d989be52ad0224cc8a46afb02b30b801c02dda829eb60fc89936ff26e2c139.css?body=1&livereload=1626907766226" for ::1 at 2021-07-21 15:49:26 -0700
Started GET "/assets/application.self-25d989be52ad0224cc8a46afb02b30b801c02dda829eb60fc89936ff26e2c139.css?body=1&livereload=1626907791886" for ::1 at 2021-07-21 15:49:51 -0700
Started GET "/assets/application.self-25d989be52ad0224cc8a46afb02b30b801c02dda829eb60fc89936ff26e2c139.css?body=1&livereload=1626907791887" for ::1 at 2021-07-21 15:49:51 -0700
Started GET "/assets/application.self-25d989be52ad0224cc8a46afb02b30b801c02dda829eb60fc89936ff26e2c139.css?body=1&livereload=1626907871886" for ::1 at 2021-07-21 15:51:11 -0700
Started GET "/assets/application.self-25d989be52ad0224cc8a46afb02b30b801c02dda829eb60fc89936ff26e2c139.css?body=1&livereload=1626907871887" for ::1 at 2021-07-21 15:51:11 -0700
Started GET "/assets/application.self-25d989be52ad0224cc8a46afb02b30b801c02dda829eb60fc89936ff26e2c139.css?body=1&livereload=1626907881314" for ::1 at 2021-07-21 15:51:21 -0700
Started GET "/assets/application.self-25d989be52ad0224cc8a46afb02b30b801c02dda829eb60fc89936ff26e2c139.css?body=1&livereload=1626907881316" for ::1 at 2021-07-21 15:51:21 -0700
Started GET "/assets/application.self-25d989be52ad0224cc8a46afb02b30b801c02dda829eb60fc89936ff26e2c139.css?body=1&livereload=1626908012190" for ::1 at 2021-07-21 15:53:32 -0700
Started GET "/assets/application.self-25d989be52ad0224cc8a46afb02b30b801c02dda829eb60fc89936ff26e2c139.css?body=1&livereload=1626908012191" for ::1 at 2021-07-21 15:53:32 -0700
Started GET "/assets/application.self-25d989be52ad0224cc8a46afb02b30b801c02dda829eb60fc89936ff26e2c139.css?body=1&livereload=1626908077266" for ::1 at 2021-07-21 15:54:37 -0700
Started GET "/assets/application.self-25d989be52ad0224cc8a46afb02b30b801c02dda829eb60fc89936ff26e2c139.css?body=1&livereload=1626908077267" for ::1 at 2021-07-21 15:54:37 -0700
Started GET "/" for ::1 at 2021-07-21 15:56:06 -0700
Processing by StaticPagesController#index as HTML
  Rendering static_pages/index.html.erb within layouts/application
  Rendered shared/_main_nav.html.erb (0.2ms)
  Rendered shared/_masthead.html.erb (0.2ms)
  Rendered shared/_sections_nav.html.erb (0.2ms)
  Rendered shared/_search_modal.html.erb (0.2ms)
  Rendered shared/_main_content.html.erb (0.2ms)
  Rendered static_pages/index.html.erb within layouts/application (12.6ms)
Completed 200 OK in 37ms (Views: 34.6ms | ActiveRecord: 0.0ms)


Started GET "/assets/application.self-5e55807a120a95f56f236d299cb61379239b4947e9c094b4be1fe7d116df0a4f.css?body=1" for ::1 at 2021-07-21 15:56:06 -0700
Started GET "/assets/application.self-5e55807a120a95f56f236d299cb61379239b4947e9c094b4be1fe7d116df0a4f.css?body=1&livereload=1626908348737" for ::1 at 2021-07-21 15:59:08 -0700
Started GET "/assets/application.self-5e55807a120a95f56f236d299cb61379239b4947e9c094b4be1fe7d116df0a4f.css?body=1&livereload=1626908348738" for ::1 at 2021-07-21 15:59:08 -0700
Started GET "/assets/application.self-5e55807a120a95f56f236d299cb61379239b4947e9c094b4be1fe7d116df0a4f.css?body=1&livereload=1626908359559" for ::1 at 2021-07-21 15:59:19 -0700
Started GET "/assets/application.self-5e55807a120a95f56f236d299cb61379239b4947e9c094b4be1fe7d116df0a4f.css?body=1&livereload=1626908359560" for ::1 at 2021-07-21 15:59:19 -0700
Started GET "/assets/application.self-5e55807a120a95f56f236d299cb61379239b4947e9c094b4be1fe7d116df0a4f.css?body=1&livereload=1626908377250" for ::1 at 2021-07-21 15:59:37 -0700
Started GET "/assets/application.self-5e55807a120a95f56f236d299cb61379239b4947e9c094b4be1fe7d116df0a4f.css?body=1&livereload=1626908377252" for ::1 at 2021-07-21 15:59:37 -0700
Started GET "/assets/application.self-5e55807a120a95f56f236d299cb61379239b4947e9c094b4be1fe7d116df0a4f.css?body=1&livereload=1626908392343" for ::1 at 2021-07-21 15:59:52 -0700
Started GET "/assets/application.self-5e55807a120a95f56f236d299cb61379239b4947e9c094b4be1fe7d116df0a4f.css?body=1&livereload=1626908392344" for ::1 at 2021-07-21 15:59:52 -0700
Started GET "/assets/application.self-5e55807a120a95f56f236d299cb61379239b4947e9c094b4be1fe7d116df0a4f.css?body=1&livereload=1626908394567" for ::1 at 2021-07-21 15:59:54 -0700
Started GET "/assets/application.self-5e55807a120a95f56f236d299cb61379239b4947e9c094b4be1fe7d116df0a4f.css?body=1&livereload=1626908394568" for ::1 at 2021-07-21 15:59:54 -0700
Started GET "/" for ::1 at 2021-07-21 16:07:29 -0700
Processing by StaticPagesController#index as HTML
  Rendering static_pages/index.html.erb within layouts/application
  Rendered shared/_main_nav.html.erb (0.7ms)
  Rendered shared/_masthead.html.erb (0.3ms)
  Rendered shared/_sections_nav.html.erb (0.2ms)
  Rendered shared/_search_modal.html.erb (0.3ms)
  Rendered shared/_main_content.html.erb (0.2ms)
  Rendered static_pages/index.html.erb within layouts/application (13.5ms)
Completed 200 OK in 38ms (Views: 35.1ms | ActiveRecord: 0.0ms)


Started GET "/assets/application.self-614bf2204fb6d49de0a2ed5180667e7e368350154c6d0fc427b4ee8f025d3519.css?body=1" for ::1 at 2021-07-21 16:07:29 -0700
Started GET "/assets/application.self-614bf2204fb6d49de0a2ed5180667e7e368350154c6d0fc427b4ee8f025d3519.css?body=1&livereload=1626908894695" for ::1 at 2021-07-21 16:08:14 -0700
Started GET "/assets/application.self-614bf2204fb6d49de0a2ed5180667e7e368350154c6d0fc427b4ee8f025d3519.css?body=1&livereload=1626908894697" for ::1 at 2021-07-21 16:08:14 -0700
Started GET "/assets/application.self-614bf2204fb6d49de0a2ed5180667e7e368350154c6d0fc427b4ee8f025d3519.css?body=1&livereload=1626908930022" for ::1 at 2021-07-21 16:08:50 -0700
Started GET "/assets/application.self-614bf2204fb6d49de0a2ed5180667e7e368350154c6d0fc427b4ee8f025d3519.css?body=1&livereload=1626908930023" for ::1 at 2021-07-21 16:08:50 -0700
Started GET "/" for ::1 at 2021-07-21 16:09:24 -0700
Processing by StaticPagesController#index as HTML
  Rendering static_pages/index.html.erb within layouts/application
  Rendered shared/_main_nav.html.erb (0.2ms)
  Rendered shared/_masthead.html.erb (0.2ms)
  Rendered shared/_sections_nav.html.erb (0.2ms)
  Rendered shared/_search_modal.html.erb (0.2ms)
  Rendered shared/_main_content.html.erb (0.2ms)
  Rendered static_pages/index.html.erb within layouts/application (12.2ms)
Completed 200 OK in 37ms (Views: 34.1ms | ActiveRecord: 0.0ms)


Started GET "/" for ::1 at 2021-07-22 14:53:47 -0700
Processing by StaticPagesController#index as HTML
  Rendering static_pages/index.html.erb within layouts/application
  Rendered shared/_main_nav.html.erb (0.5ms)
  Rendered shared/_masthead.html.erb (0.3ms)
  Rendered shared/_sections_nav.html.erb (0.6ms)
  Rendered shared/_search_modal.html.erb (0.2ms)
  Rendered shared/_main_content.html.erb (0.2ms)
  Rendered static_pages/index.html.erb within layouts/application (17.2ms)
Completed 200 OK in 73ms (Views: 67.5ms | ActiveRecord: 0.0ms)


Started GET "/" for ::1 at 2021-07-22 15:05:42 -0700
Processing by StaticPagesController#index as HTML
  Rendering static_pages/index.html.erb within layouts/application
  Rendered shared/_main_nav.html.erb (0.2ms)
  Rendered shared/_masthead.html.erb (0.2ms)
  Rendered shared/_sections_nav.html.erb (0.4ms)
  Rendered shared/_search_modal.html.erb (0.1ms)
  Rendered shared/_main_content.html.erb (0.2ms)
  Rendered static_pages/index.html.erb within layouts/application (11.3ms)
Completed 200 OK in 43ms (Views: 40.8ms | ActiveRecord: 0.0ms)


Started GET "/" for ::1 at 2021-07-22 15:12:13 -0700
Processing by StaticPagesController#index as HTML
  Rendering static_pages/index.html.erb within layouts/application
  Rendered shared/_main_nav.html.erb (0.3ms)
  Rendered shared/_masthead.html.erb (0.2ms)
  Rendered shared/_sections_nav.html.erb (0.3ms)
  Rendered shared/_search_modal.html.erb (0.2ms)
  Rendered shared/_main_content.html.erb (0.2ms)
  Rendered static_pages/index.html.erb within layouts/application (12.5ms)
Completed 200 OK in 90ms (Views: 87.2ms | ActiveRecord: 0.0ms)


Started GET "/" for ::1 at 2021-07-22 15:12:52 -0700
Processing by StaticPagesController#index as HTML
  Rendering static_pages/index.html.erb within layouts/application
  Rendered shared/_main_nav.html.erb (1.0ms)
  Rendered shared/_masthead.html.erb (0.2ms)
  Rendered shared/_sections_nav.html.erb (0.2ms)
  Rendered shared/_search_modal.html.erb (0.2ms)
  Rendered shared/_main_content.html.erb (0.3ms)
  Rendered static_pages/index.html.erb within layouts/application (12.9ms)
Completed 200 OK in 33ms (Views: 30.8ms | ActiveRecord: 0.0ms)


Started GET "/" for ::1 at 2021-07-22 15:13:12 -0700
Processing by StaticPagesController#index as HTML
  Rendering static_pages/index.html.erb within layouts/application
  Rendered shared/_main_nav.html.erb (0.2ms)
  Rendered shared/_masthead.html.erb (0.2ms)
  Rendered shared/_sections_nav.html.erb (0.3ms)
  Rendered shared/_search_modal.html.erb (0.3ms)
  Rendered shared/_main_content.html.erb (0.1ms)
  Rendered static_pages/index.html.erb within layouts/application (12.1ms)
Completed 200 OK in 33ms (Views: 30.7ms | ActiveRecord: 0.0ms)


Started GET "/" for ::1 at 2021-07-22 15:13:19 -0700
Processing by StaticPagesController#index as HTML
  Rendering static_pages/index.html.erb within layouts/application
  Rendered shared/_main_nav.html.erb (0.4ms)
  Rendered shared/_masthead.html.erb (0.3ms)
  Rendered shared/_sections_nav.html.erb (0.2ms)
  Rendered shared/_search_modal.html.erb (0.2ms)
  Rendered shared/_main_content.html.erb (0.2ms)
  Rendered static_pages/index.html.erb within layouts/application (12.3ms)
Completed 200 OK in 31ms (Views: 28.9ms | ActiveRecord: 0.0ms)


Started GET "/" for ::1 at 2021-07-22 15:13:23 -0700
Processing by StaticPagesController#index as HTML
  Rendering static_pages/index.html.erb within layouts/application
  Rendered shared/_main_nav.html.erb (0.2ms)
  Rendered shared/_masthead.html.erb (0.2ms)
  Rendered shared/_sections_nav.html.erb (0.1ms)
  Rendered shared/_search_modal.html.erb (0.1ms)
  Rendered shared/_main_content.html.erb (0.2ms)
  Rendered static_pages/index.html.erb within layouts/application (9.6ms)
Completed 200 OK in 26ms (Views: 23.9ms | ActiveRecord: 0.0ms)


Started GET "/" for ::1 at 2021-07-22 15:13:52 -0700
Processing by StaticPagesController#index as HTML
  Rendering static_pages/index.html.erb within layouts/application
  Rendered shared/_main_nav.html.erb (0.3ms)
  Rendered shared/_masthead.html.erb (0.2ms)
  Rendered shared/_sections_nav.html.erb (0.4ms)
  Rendered shared/_search_modal.html.erb (0.3ms)
  Rendered shared/_main_content.html.erb (0.2ms)
  Rendered static_pages/index.html.erb within layouts/application (12.8ms)
Completed 200 OK in 40ms (Views: 37.2ms | ActiveRecord: 0.0ms)


Started GET "/" for ::1 at 2021-07-22 15:16:04 -0700
Processing by StaticPagesController#index as HTML
  Rendering static_pages/index.html.erb within layouts/application
  Rendered shared/_main_nav.html.erb (0.2ms)
  Rendered shared/_masthead.html.erb (0.2ms)
  Rendered shared/_sections_nav.html.erb (0.2ms)
  Rendered shared/_search_modal.html.erb (0.3ms)
  Rendered shared/_main_content.html.erb (0.1ms)
  Rendered static_pages/index.html.erb within layouts/application (11.7ms)
Completed 200 OK in 35ms (Views: 31.9ms | ActiveRecord: 0.0ms)


Started GET "/" for ::1 at 2021-07-22 15:17:16 -0700
Processing by StaticPagesController#index as HTML
  Rendering static_pages/index.html.erb within layouts/application
  Rendered shared/_main_nav.html.erb (0.3ms)
  Rendered shared/_masthead.html.erb (0.1ms)
  Rendered shared/_sections_nav.html.erb (0.1ms)
  Rendered shared/_search_modal.html.erb (0.3ms)
  Rendered shared/_main_content.html.erb (0.2ms)
  Rendered static_pages/index.html.erb within layouts/application (10.8ms)
Completed 200 OK in 33ms (Views: 30.2ms | ActiveRecord: 0.0ms)


Started GET "/" for ::1 at 2021-07-22 15:17:29 -0700
Processing by StaticPagesController#index as HTML
  Rendering static_pages/index.html.erb within layouts/application
  Rendered shared/_main_nav.html.erb (0.2ms)
  Rendered shared/_masthead.html.erb (0.2ms)
  Rendered shared/_sections_nav.html.erb (0.2ms)
  Rendered shared/_search_modal.html.erb (0.1ms)
  Rendered shared/_main_content.html.erb (0.2ms)
  Rendered static_pages/index.html.erb within layouts/application (11.0ms)
Completed 200 OK in 28ms (Views: 26.3ms | ActiveRecord: 0.0ms)


Started GET "/" for ::1 at 2021-07-22 15:17:55 -0700
Processing by StaticPagesController#index as HTML
  Rendering static_pages/index.html.erb within layouts/application
  Rendered shared/_main_nav.html.erb (0.2ms)
  Rendered shared/_masthead.html.erb (0.2ms)
  Rendered shared/_sections_nav.html.erb (0.2ms)
  Rendered shared/_search_modal.html.erb (0.3ms)
  Rendered shared/_main_content.html.erb (0.1ms)
  Rendered static_pages/index.html.erb within layouts/application (10.5ms)
Completed 200 OK in 28ms (Views: 26.2ms | ActiveRecord: 0.0ms)


Started GET "/" for ::1 at 2021-07-22 15:18:01 -0700
Processing by StaticPagesController#index as HTML
  Rendering static_pages/index.html.erb within layouts/application
  Rendered shared/_main_nav.html.erb (0.2ms)
  Rendered shared/_masthead.html.erb (0.2ms)
  Rendered shared/_sections_nav.html.erb (0.2ms)
  Rendered shared/_search_modal.html.erb (0.2ms)
  Rendered shared/_main_content.html.erb (0.2ms)
  Rendered static_pages/index.html.erb within layouts/application (12.1ms)
Completed 200 OK in 30ms (Views: 28.1ms | ActiveRecord: 0.0ms)


Started GET "/" for ::1 at 2021-07-22 15:20:46 -0700
Processing by StaticPagesController#index as HTML
  Rendering static_pages/index.html.erb within layouts/application
  Rendered shared/_main_nav.html.erb (0.5ms)
  Rendered shared/_masthead.html.erb (0.2ms)
  Rendered shared/_sections_nav.html.erb (0.3ms)
  Rendered shared/_search_modal.html.erb (0.4ms)
  Rendered shared/_main_content.html.erb (0.2ms)
  Rendered static_pages/index.html.erb within layouts/application (15.6ms)
Completed 200 OK in 37ms (Views: 33.9ms | ActiveRecord: 0.0ms)


Started GET "/" for ::1 at 2021-07-22 15:20:50 -0700
Processing by StaticPagesController#index as HTML
  Rendering static_pages/index.html.erb within layouts/application
  Rendered shared/_main_nav.html.erb (0.3ms)
  Rendered shared/_masthead.html.erb (0.2ms)
  Rendered shared/_sections_nav.html.erb (0.2ms)
  Rendered shared/_search_modal.html.erb (0.2ms)
  Rendered shared/_main_content.html.erb (0.2ms)
  Rendered static_pages/index.html.erb within layouts/application (14.1ms)
Completed 200 OK in 34ms (Views: 31.3ms | ActiveRecord: 0.0ms)


Started GET "/assets/application.self-614bf2204fb6d49de0a2ed5180667e7e368350154c6d0fc427b4ee8f025d3519.css?body=1&livereload=1626992579621" for ::1 at 2021-07-22 15:22:59 -0700
Started GET "/assets/application.self-614bf2204fb6d49de0a2ed5180667e7e368350154c6d0fc427b4ee8f025d3519.css?body=1&livereload=1626992579622" for ::1 at 2021-07-22 15:22:59 -0700
Started GET "/assets/application.self-614bf2204fb6d49de0a2ed5180667e7e368350154c6d0fc427b4ee8f025d3519.css?body=1&livereload=1626992672983" for ::1 at 2021-07-22 15:24:32 -0700
Started GET "/assets/application.self-614bf2204fb6d49de0a2ed5180667e7e368350154c6d0fc427b4ee8f025d3519.css?body=1&livereload=1626992672985" for ::1 at 2021-07-22 15:24:32 -0700
Started GET "/assets/application.self-614bf2204fb6d49de0a2ed5180667e7e368350154c6d0fc427b4ee8f025d3519.css?body=1&livereload=1626992950899" for ::1 at 2021-07-22 15:29:10 -0700
Started GET "/assets/application.self-614bf2204fb6d49de0a2ed5180667e7e368350154c6d0fc427b4ee8f025d3519.css?body=1&livereload=1626992950900" for ::1 at 2021-07-22 15:29:10 -0700
Started GET "/assets/application.self-614bf2204fb6d49de0a2ed5180667e7e368350154c6d0fc427b4ee8f025d3519.css?body=1&livereload=1626993047862" for ::1 at 2021-07-22 15:30:47 -0700
Started GET "/assets/application.self-614bf2204fb6d49de0a2ed5180667e7e368350154c6d0fc427b4ee8f025d3519.css?body=1&livereload=1626993047861" for ::1 at 2021-07-22 15:30:47 -0700
Started GET "/assets/application.self-614bf2204fb6d49de0a2ed5180667e7e368350154c6d0fc427b4ee8f025d3519.css?body=1&livereload=1626993066392" for ::1 at 2021-07-22 15:31:06 -0700
Started GET "/assets/application.self-614bf2204fb6d49de0a2ed5180667e7e368350154c6d0fc427b4ee8f025d3519.css?body=1&livereload=1626993066393" for ::1 at 2021-07-22 15:31:06 -0700
Started GET "/assets/application.self-614bf2204fb6d49de0a2ed5180667e7e368350154c6d0fc427b4ee8f025d3519.css?body=1&livereload=1626993073830" for ::1 at 2021-07-22 15:31:13 -0700
Started GET "/assets/application.self-614bf2204fb6d49de0a2ed5180667e7e368350154c6d0fc427b4ee8f025d3519.css?body=1&livereload=1626993073831" for ::1 at 2021-07-22 15:31:13 -0700
Started GET "/assets/application.self-614bf2204fb6d49de0a2ed5180667e7e368350154c6d0fc427b4ee8f025d3519.css?body=1&livereload=1626993080258" for ::1 at 2021-07-22 15:31:20 -0700
Started GET "/assets/application.self-614bf2204fb6d49de0a2ed5180667e7e368350154c6d0fc427b4ee8f025d3519.css?body=1&livereload=1626993080259" for ::1 at 2021-07-22 15:31:20 -0700
Started GET "/assets/application.self-614bf2204fb6d49de0a2ed5180667e7e368350154c6d0fc427b4ee8f025d3519.css?body=1&livereload=1626993083986" for ::1 at 2021-07-22 15:31:23 -0700
Started GET "/assets/application.self-614bf2204fb6d49de0a2ed5180667e7e368350154c6d0fc427b4ee8f025d3519.css?body=1&livereload=1626993083989" for ::1 at 2021-07-22 15:31:23 -0700
Started GET "/assets/application.self-614bf2204fb6d49de0a2ed5180667e7e368350154c6d0fc427b4ee8f025d3519.css?body=1&livereload=1626993265415" for ::1 at 2021-07-22 15:34:25 -0700
Started GET "/assets/application.self-614bf2204fb6d49de0a2ed5180667e7e368350154c6d0fc427b4ee8f025d3519.css?body=1&livereload=1626993265416" for ::1 at 2021-07-22 15:34:25 -0700
Started GET "/assets/application.self-614bf2204fb6d49de0a2ed5180667e7e368350154c6d0fc427b4ee8f025d3519.css?body=1&livereload=1626993290538" for ::1 at 2021-07-22 15:34:50 -0700
Started GET "/assets/application.self-614bf2204fb6d49de0a2ed5180667e7e368350154c6d0fc427b4ee8f025d3519.css?body=1&livereload=1626993290539" for ::1 at 2021-07-22 15:34:50 -0700
Started GET "/assets/application.self-614bf2204fb6d49de0a2ed5180667e7e368350154c6d0fc427b4ee8f025d3519.css?body=1&livereload=1626993388976" for ::1 at 2021-07-22 15:36:28 -0700
Started GET "/assets/application.self-614bf2204fb6d49de0a2ed5180667e7e368350154c6d0fc427b4ee8f025d3519.css?body=1&livereload=1626993388977" for ::1 at 2021-07-22 15:36:28 -0700
Started GET "/assets/application.self-614bf2204fb6d49de0a2ed5180667e7e368350154c6d0fc427b4ee8f025d3519.css?body=1&livereload=1626993408420" for ::1 at 2021-07-22 15:36:48 -0700
Started GET "/assets/application.self-614bf2204fb6d49de0a2ed5180667e7e368350154c6d0fc427b4ee8f025d3519.css?body=1&livereload=1626993408422" for ::1 at 2021-07-22 15:36:48 -0700
Started GET "/assets/application.self-614bf2204fb6d49de0a2ed5180667e7e368350154c6d0fc427b4ee8f025d3519.css?body=1&livereload=1626993447379" for ::1 at 2021-07-22 15:37:27 -0700
Started GET "/assets/application.self-614bf2204fb6d49de0a2ed5180667e7e368350154c6d0fc427b4ee8f025d3519.css?body=1&livereload=1626993447380" for ::1 at 2021-07-22 15:37:27 -0700
Started GET "/assets/application.self-614bf2204fb6d49de0a2ed5180667e7e368350154c6d0fc427b4ee8f025d3519.css?body=1&livereload=1626993507280" for ::1 at 2021-07-22 15:38:27 -0700
Started GET "/assets/application.self-614bf2204fb6d49de0a2ed5180667e7e368350154c6d0fc427b4ee8f025d3519.css?body=1&livereload=1626993507282" for ::1 at 2021-07-22 15:38:27 -0700
Started GET "/assets/application.self-614bf2204fb6d49de0a2ed5180667e7e368350154c6d0fc427b4ee8f025d3519.css?body=1&livereload=1626993571865" for ::1 at 2021-07-22 15:39:31 -0700
Started GET "/assets/application.self-614bf2204fb6d49de0a2ed5180667e7e368350154c6d0fc427b4ee8f025d3519.css?body=1&livereload=1626993571866" for ::1 at 2021-07-22 15:39:31 -0700
Started GET "/assets/application.self-614bf2204fb6d49de0a2ed5180667e7e368350154c6d0fc427b4ee8f025d3519.css?body=1&livereload=1626993686796" for ::1 at 2021-07-22 15:41:26 -0700
Started GET "/assets/application.self-614bf2204fb6d49de0a2ed5180667e7e368350154c6d0fc427b4ee8f025d3519.css?body=1&livereload=1626993686798" for ::1 at 2021-07-22 15:41:26 -0700
Started GET "/assets/application.self-614bf2204fb6d49de0a2ed5180667e7e368350154c6d0fc427b4ee8f025d3519.css?body=1&livereload=1626993754114" for ::1 at 2021-07-22 15:42:34 -0700
Started GET "/assets/application.self-614bf2204fb6d49de0a2ed5180667e7e368350154c6d0fc427b4ee8f025d3519.css?body=1&livereload=1626993754113" for ::1 at 2021-07-22 15:42:34 -0700
Started GET "/assets/application.self-614bf2204fb6d49de0a2ed5180667e7e368350154c6d0fc427b4ee8f025d3519.css?body=1&livereload=1626993795849" for ::1 at 2021-07-22 15:43:15 -0700
Started GET "/assets/application.self-614bf2204fb6d49de0a2ed5180667e7e368350154c6d0fc427b4ee8f025d3519.css?body=1&livereload=1626993795851" for ::1 at 2021-07-22 15:43:15 -0700
Started GET "/assets/application.self-614bf2204fb6d49de0a2ed5180667e7e368350154c6d0fc427b4ee8f025d3519.css?body=1&livereload=1626993816781" for ::1 at 2021-07-22 15:43:36 -0700
Started GET "/assets/application.self-614bf2204fb6d49de0a2ed5180667e7e368350154c6d0fc427b4ee8f025d3519.css?body=1&livereload=1626993816782" for ::1 at 2021-07-22 15:43:36 -0700
Started GET "/assets/application.self-614bf2204fb6d49de0a2ed5180667e7e368350154c6d0fc427b4ee8f025d3519.css?body=1&livereload=1626993820304" for ::1 at 2021-07-22 15:43:40 -0700
Started GET "/assets/application.self-614bf2204fb6d49de0a2ed5180667e7e368350154c6d0fc427b4ee8f025d3519.css?body=1&livereload=1626993820306" for ::1 at 2021-07-22 15:43:40 -0700
Started GET "/assets/application.self-614bf2204fb6d49de0a2ed5180667e7e368350154c6d0fc427b4ee8f025d3519.css?body=1&livereload=1626993851738" for ::1 at 2021-07-22 15:44:11 -0700
Started GET "/assets/application.self-614bf2204fb6d49de0a2ed5180667e7e368350154c6d0fc427b4ee8f025d3519.css?body=1&livereload=1626993851740" for ::1 at 2021-07-22 15:44:11 -0700
Started GET "/assets/application.self-614bf2204fb6d49de0a2ed5180667e7e368350154c6d0fc427b4ee8f025d3519.css?body=1&livereload=1626993860821" for ::1 at 2021-07-22 15:44:20 -0700
Started GET "/assets/application.self-614bf2204fb6d49de0a2ed5180667e7e368350154c6d0fc427b4ee8f025d3519.css?body=1&livereload=1626993860823" for ::1 at 2021-07-22 15:44:20 -0700
Started GET "/assets/application.self-614bf2204fb6d49de0a2ed5180667e7e368350154c6d0fc427b4ee8f025d3519.css?body=1&livereload=1626993930216" for ::1 at 2021-07-22 15:45:30 -0700
Started GET "/assets/application.self-614bf2204fb6d49de0a2ed5180667e7e368350154c6d0fc427b4ee8f025d3519.css?body=1&livereload=1626993930218" for ::1 at 2021-07-22 15:45:30 -0700
Started GET "/assets/application.self-614bf2204fb6d49de0a2ed5180667e7e368350154c6d0fc427b4ee8f025d3519.css?body=1&livereload=1626993963978" for ::1 at 2021-07-22 15:46:03 -0700
Started GET "/assets/application.self-614bf2204fb6d49de0a2ed5180667e7e368350154c6d0fc427b4ee8f025d3519.css?body=1&livereload=1626993963979" for ::1 at 2021-07-22 15:46:03 -0700
Started GET "/assets/application.self-614bf2204fb6d49de0a2ed5180667e7e368350154c6d0fc427b4ee8f025d3519.css?body=1&livereload=1626994052696" for ::1 at 2021-07-22 15:47:32 -0700
Started GET "/assets/application.self-614bf2204fb6d49de0a2ed5180667e7e368350154c6d0fc427b4ee8f025d3519.css?body=1&livereload=1626994052698" for ::1 at 2021-07-22 15:47:32 -0700
Started GET "/assets/application.self-614bf2204fb6d49de0a2ed5180667e7e368350154c6d0fc427b4ee8f025d3519.css?body=1&livereload=1626994070158" for ::1 at 2021-07-22 15:47:50 -0700
Started GET "/assets/application.self-614bf2204fb6d49de0a2ed5180667e7e368350154c6d0fc427b4ee8f025d3519.css?body=1&livereload=1626994070159" for ::1 at 2021-07-22 15:47:50 -0700
Started GET "/assets/application.self-614bf2204fb6d49de0a2ed5180667e7e368350154c6d0fc427b4ee8f025d3519.css?body=1&livereload=1626994081814" for ::1 at 2021-07-22 15:48:01 -0700
Started GET "/assets/application.self-614bf2204fb6d49de0a2ed5180667e7e368350154c6d0fc427b4ee8f025d3519.css?body=1&livereload=1626994081816" for ::1 at 2021-07-22 15:48:01 -0700
Started GET "/assets/application.self-614bf2204fb6d49de0a2ed5180667e7e368350154c6d0fc427b4ee8f025d3519.css?body=1&livereload=1626994090508" for ::1 at 2021-07-22 15:48:10 -0700
Started GET "/assets/application.self-614bf2204fb6d49de0a2ed5180667e7e368350154c6d0fc427b4ee8f025d3519.css?body=1&livereload=1626994090510" for ::1 at 2021-07-22 15:48:10 -0700
Started GET "/assets/application.self-614bf2204fb6d49de0a2ed5180667e7e368350154c6d0fc427b4ee8f025d3519.css?body=1&livereload=1626994130191" for ::1 at 2021-07-22 15:48:50 -0700
Started GET "/assets/application.self-614bf2204fb6d49de0a2ed5180667e7e368350154c6d0fc427b4ee8f025d3519.css?body=1&livereload=1626994130192" for ::1 at 2021-07-22 15:48:50 -0700
Started GET "/assets/application.self-614bf2204fb6d49de0a2ed5180667e7e368350154c6d0fc427b4ee8f025d3519.css?body=1&livereload=1626994154206" for ::1 at 2021-07-22 15:49:14 -0700
Started GET "/assets/application.self-614bf2204fb6d49de0a2ed5180667e7e368350154c6d0fc427b4ee8f025d3519.css?body=1&livereload=1626994154208" for ::1 at 2021-07-22 15:49:14 -0700
Started GET "/assets/application.self-614bf2204fb6d49de0a2ed5180667e7e368350154c6d0fc427b4ee8f025d3519.css?body=1&livereload=1626994172949" for ::1 at 2021-07-22 15:49:32 -0700
Started GET "/assets/application.self-614bf2204fb6d49de0a2ed5180667e7e368350154c6d0fc427b4ee8f025d3519.css?body=1&livereload=1626994172951" for ::1 at 2021-07-22 15:49:32 -0700
Started GET "/assets/application.self-614bf2204fb6d49de0a2ed5180667e7e368350154c6d0fc427b4ee8f025d3519.css?body=1&livereload=1626994179344" for ::1 at 2021-07-22 15:49:39 -0700
Started GET "/assets/application.self-614bf2204fb6d49de0a2ed5180667e7e368350154c6d0fc427b4ee8f025d3519.css?body=1&livereload=1626994179345" for ::1 at 2021-07-22 15:49:39 -0700
Started GET "/assets/application.self-614bf2204fb6d49de0a2ed5180667e7e368350154c6d0fc427b4ee8f025d3519.css?body=1&livereload=1626994189197" for ::1 at 2021-07-22 15:49:49 -0700
Started GET "/assets/application.self-614bf2204fb6d49de0a2ed5180667e7e368350154c6d0fc427b4ee8f025d3519.css?body=1&livereload=1626994189198" for ::1 at 2021-07-22 15:49:49 -0700
Started GET "/assets/application.self-614bf2204fb6d49de0a2ed5180667e7e368350154c6d0fc427b4ee8f025d3519.css?body=1&livereload=1626994293589" for ::1 at 2021-07-22 15:51:33 -0700
Started GET "/assets/application.self-614bf2204fb6d49de0a2ed5180667e7e368350154c6d0fc427b4ee8f025d3519.css?body=1&livereload=1626994293591" for ::1 at 2021-07-22 15:51:33 -0700
Started GET "/assets/application.self-614bf2204fb6d49de0a2ed5180667e7e368350154c6d0fc427b4ee8f025d3519.css?body=1&livereload=1626994554531" for ::1 at 2021-07-22 15:55:54 -0700
Started GET "/assets/application.self-614bf2204fb6d49de0a2ed5180667e7e368350154c6d0fc427b4ee8f025d3519.css?body=1&livereload=1626994554532" for ::1 at 2021-07-22 15:55:54 -0700
Started GET "/assets/application.self-614bf2204fb6d49de0a2ed5180667e7e368350154c6d0fc427b4ee8f025d3519.css?body=1&livereload=1626994654395" for ::1 at 2021-07-22 15:57:34 -0700
Started GET "/assets/application.self-614bf2204fb6d49de0a2ed5180667e7e368350154c6d0fc427b4ee8f025d3519.css?body=1&livereload=1626994654396" for ::1 at 2021-07-22 15:57:34 -0700
Started GET "/assets/application.self-614bf2204fb6d49de0a2ed5180667e7e368350154c6d0fc427b4ee8f025d3519.css?body=1&livereload=1626994670613" for ::1 at 2021-07-22 15:57:50 -0700
Started GET "/assets/application.self-614bf2204fb6d49de0a2ed5180667e7e368350154c6d0fc427b4ee8f025d3519.css?body=1&livereload=1626994670614" for ::1 at 2021-07-22 15:57:50 -0700
Started GET "/assets/application.self-614bf2204fb6d49de0a2ed5180667e7e368350154c6d0fc427b4ee8f025d3519.css?body=1&livereload=1626994684810" for ::1 at 2021-07-22 15:58:04 -0700
Started GET "/assets/application.self-614bf2204fb6d49de0a2ed5180667e7e368350154c6d0fc427b4ee8f025d3519.css?body=1&livereload=1626994684811" for ::1 at 2021-07-22 15:58:04 -0700
Started GET "/assets/application.self-614bf2204fb6d49de0a2ed5180667e7e368350154c6d0fc427b4ee8f025d3519.css?body=1&livereload=1626994705674" for ::1 at 2021-07-22 15:58:25 -0700
Started GET "/assets/application.self-614bf2204fb6d49de0a2ed5180667e7e368350154c6d0fc427b4ee8f025d3519.css?body=1&livereload=1626994705675" for ::1 at 2021-07-22 15:58:25 -0700
Started GET "/assets/application.self-614bf2204fb6d49de0a2ed5180667e7e368350154c6d0fc427b4ee8f025d3519.css?body=1&livereload=1626994752279" for ::1 at 2021-07-22 15:59:12 -0700
Started GET "/assets/application.self-614bf2204fb6d49de0a2ed5180667e7e368350154c6d0fc427b4ee8f025d3519.css?body=1&livereload=1626994752281" for ::1 at 2021-07-22 15:59:12 -0700
Started GET "/assets/application.self-614bf2204fb6d49de0a2ed5180667e7e368350154c6d0fc427b4ee8f025d3519.css?body=1&livereload=1626994796283" for ::1 at 2021-07-22 15:59:56 -0700
Started GET "/assets/application.self-614bf2204fb6d49de0a2ed5180667e7e368350154c6d0fc427b4ee8f025d3519.css?body=1&livereload=1626994796286" for ::1 at 2021-07-22 15:59:56 -0700
Started GET "/assets/application.self-614bf2204fb6d49de0a2ed5180667e7e368350154c6d0fc427b4ee8f025d3519.css?body=1&livereload=1626994816731" for ::1 at 2021-07-22 16:00:16 -0700
Started GET "/assets/application.self-614bf2204fb6d49de0a2ed5180667e7e368350154c6d0fc427b4ee8f025d3519.css?body=1&livereload=1626994816732" for ::1 at 2021-07-22 16:00:16 -0700
Started GET "/assets/application.self-614bf2204fb6d49de0a2ed5180667e7e368350154c6d0fc427b4ee8f025d3519.css?body=1&livereload=1626994888156" for ::1 at 2021-07-22 16:01:28 -0700
Started GET "/assets/application.self-614bf2204fb6d49de0a2ed5180667e7e368350154c6d0fc427b4ee8f025d3519.css?body=1&livereload=1626994888157" for ::1 at 2021-07-22 16:01:28 -0700
Started GET "/assets/application.self-614bf2204fb6d49de0a2ed5180667e7e368350154c6d0fc427b4ee8f025d3519.css?body=1&livereload=1626994895864" for ::1 at 2021-07-22 16:01:35 -0700
Started GET "/assets/application.self-614bf2204fb6d49de0a2ed5180667e7e368350154c6d0fc427b4ee8f025d3519.css?body=1&livereload=1626994895866" for ::1 at 2021-07-22 16:01:35 -0700
Started GET "/assets/application.self-614bf2204fb6d49de0a2ed5180667e7e368350154c6d0fc427b4ee8f025d3519.css?body=1&livereload=1626994940054" for ::1 at 2021-07-22 16:02:20 -0700
Started GET "/assets/application.self-614bf2204fb6d49de0a2ed5180667e7e368350154c6d0fc427b4ee8f025d3519.css?body=1&livereload=1626994940055" for ::1 at 2021-07-22 16:02:20 -0700
Started GET "/assets/application.self-614bf2204fb6d49de0a2ed5180667e7e368350154c6d0fc427b4ee8f025d3519.css?body=1&livereload=1626994964166" for ::1 at 2021-07-22 16:02:44 -0700
Started GET "/assets/application.self-614bf2204fb6d49de0a2ed5180667e7e368350154c6d0fc427b4ee8f025d3519.css?body=1&livereload=1626994964167" for ::1 at 2021-07-22 16:02:44 -0700
Started GET "/assets/application.self-614bf2204fb6d49de0a2ed5180667e7e368350154c6d0fc427b4ee8f025d3519.css?body=1&livereload=1626994975213" for ::1 at 2021-07-22 16:02:55 -0700
Started GET "/assets/application.self-614bf2204fb6d49de0a2ed5180667e7e368350154c6d0fc427b4ee8f025d3519.css?body=1&livereload=1626994975214" for ::1 at 2021-07-22 16:02:55 -0700
Started GET "/assets/application.self-614bf2204fb6d49de0a2ed5180667e7e368350154c6d0fc427b4ee8f025d3519.css?body=1&livereload=1626995670096" for ::1 at 2021-07-22 16:14:30 -0700
Started GET "/assets/application.self-614bf2204fb6d49de0a2ed5180667e7e368350154c6d0fc427b4ee8f025d3519.css?body=1&livereload=1626995670097" for ::1 at 2021-07-22 16:14:30 -0700
Started GET "/" for ::1 at 2021-07-22 16:18:32 -0700
Processing by StaticPagesController#index as HTML
  Rendering static_pages/index.html.erb within layouts/application
  Rendered shared/_main_nav.html.erb (0.2ms)
  Rendered shared/_masthead.html.erb (0.3ms)
  Rendered shared/_sections_nav.html.erb (0.3ms)
  Rendered shared/_search_modal.html.erb (0.2ms)
  Rendered shared/_main_content.html.erb (0.2ms)
  Rendered static_pages/index.html.erb within layouts/application (14.2ms)
Completed 200 OK in 47ms (Views: 44.5ms | ActiveRecord: 0.0ms)


Started GET "/assets/application.self-18670e4a28f5b19561e13122d81611fe102e90aa122b53515f72c4ad9f53c0f5.css?body=1" for ::1 at 2021-07-22 16:18:32 -0700
Started GET "/" for ::1 at 2021-07-22 16:18:58 -0700
Processing by StaticPagesController#index as HTML
  Rendering static_pages/index.html.erb within layouts/application
  Rendered shared/_main_nav.html.erb (0.3ms)
  Rendered shared/_masthead.html.erb (0.3ms)
  Rendered shared/_sections_nav.html.erb (0.2ms)
  Rendered shared/_search_modal.html.erb (0.2ms)
  Rendered shared/_main_content.html.erb (0.2ms)
  Rendered static_pages/index.html.erb within layouts/application (13.7ms)
Completed 200 OK in 36ms (Views: 33.5ms | ActiveRecord: 0.0ms)


Started GET "/" for ::1 at 2021-07-22 16:21:19 -0700
Processing by StaticPagesController#index as HTML
  Rendering static_pages/index.html.erb within layouts/application
  Rendered shared/_main_nav.html.erb (0.2ms)
  Rendered shared/_masthead.html.erb (0.3ms)
  Rendered shared/_sections_nav.html.erb (0.3ms)
  Rendered shared/_search_modal.html.erb (0.2ms)
  Rendered shared/_main_content.html.erb (0.2ms)
  Rendered static_pages/index.html.erb within layouts/application (13.4ms)
Completed 200 OK in 32ms (Views: 29.8ms | ActiveRecord: 0.0ms)


Started GET "/" for ::1 at 2021-07-22 16:22:04 -0700
Processing by StaticPagesController#index as HTML
  Rendering static_pages/index.html.erb within layouts/application
  Rendered shared/_main_nav.html.erb (0.3ms)
  Rendered shared/_masthead.html.erb (0.3ms)
  Rendered shared/_sections_nav.html.erb (0.2ms)
  Rendered shared/_search_modal.html.erb (0.2ms)
  Rendered shared/_main_content.html.erb (0.2ms)
  Rendered static_pages/index.html.erb within layouts/application (20.3ms)
Completed 200 OK in 38ms (Views: 36.3ms | ActiveRecord: 0.0ms)


Started GET "/assets/application.self-18670e4a28f5b19561e13122d81611fe102e90aa122b53515f72c4ad9f53c0f5.css?body=1&livereload=1626996171140" for ::1 at 2021-07-22 16:22:51 -0700
Started GET "/assets/application.self-18670e4a28f5b19561e13122d81611fe102e90aa122b53515f72c4ad9f53c0f5.css?body=1&livereload=1626996171143" for ::1 at 2021-07-22 16:22:51 -0700
Started GET "/assets/application.self-18670e4a28f5b19561e13122d81611fe102e90aa122b53515f72c4ad9f53c0f5.css?body=1&livereload=1626996189784" for ::1 at 2021-07-22 16:23:09 -0700
Started GET "/assets/application.self-18670e4a28f5b19561e13122d81611fe102e90aa122b53515f72c4ad9f53c0f5.css?body=1&livereload=1626996189790" for ::1 at 2021-07-22 16:23:09 -0700
Started GET "/" for ::1 at 2021-07-22 16:23:38 -0700
Processing by StaticPagesController#index as HTML
  Rendering static_pages/index.html.erb within layouts/application
  Rendered shared/_main_nav.html.erb (0.2ms)
  Rendered shared/_masthead.html.erb (0.2ms)
  Rendered shared/_sections_nav.html.erb (0.2ms)
  Rendered shared/_search_modal.html.erb (0.1ms)
  Rendered shared/_main_content.html.erb (0.1ms)
  Rendered static_pages/index.html.erb within layouts/application (11.1ms)
Completed 200 OK in 34ms (Views: 31.5ms | ActiveRecord: 0.0ms)


Started GET "/" for ::1 at 2021-07-22 16:24:00 -0700
Processing by StaticPagesController#index as HTML
  Rendering static_pages/index.html.erb within layouts/application
  Rendered shared/_main_nav.html.erb (0.3ms)
  Rendered shared/_masthead.html.erb (0.3ms)
  Rendered shared/_sections_nav.html.erb (0.2ms)
  Rendered shared/_search_modal.html.erb (0.2ms)
  Rendered shared/_main_content.html.erb (0.2ms)
  Rendered static_pages/index.html.erb within layouts/application (13.1ms)
Completed 200 OK in 37ms (Views: 34.2ms | ActiveRecord: 0.0ms)


Started GET "/" for ::1 at 2021-07-22 16:24:56 -0700
Processing by StaticPagesController#index as HTML
  Rendering static_pages/index.html.erb within layouts/application
  Rendered shared/_main_nav.html.erb (0.3ms)
  Rendered shared/_masthead.html.erb (0.4ms)
  Rendered shared/_sections_nav.html.erb (0.2ms)
  Rendered shared/_search_modal.html.erb (0.2ms)
  Rendered shared/_main_content.html.erb (0.2ms)
  Rendered static_pages/index.html.erb within layouts/application (15.8ms)
Completed 200 OK in 40ms (Views: 36.9ms | ActiveRecord: 0.0ms)


Started GET "/" for ::1 at 2021-07-22 16:26:19 -0700
Processing by StaticPagesController#index as HTML
  Rendering static_pages/index.html.erb within layouts/application
  Rendered shared/_main_nav.html.erb (0.4ms)
  Rendered shared/_masthead.html.erb (0.3ms)
  Rendered shared/_sections_nav.html.erb (0.2ms)
  Rendered shared/_search_modal.html.erb (0.2ms)
  Rendered shared/_main_content.html.erb (0.2ms)
  Rendered static_pages/index.html.erb within layouts/application (14.7ms)
Completed 200 OK in 39ms (Views: 35.7ms | ActiveRecord: 0.0ms)


Started GET "/assets/AA_Times_Logo.png" for ::1 at 2021-07-22 16:26:19 -0700
Started GET "/" for ::1 at 2021-07-22 16:26:45 -0700
Processing by StaticPagesController#index as HTML
  Rendering static_pages/index.html.erb within layouts/application
  Rendered shared/_main_nav.html.erb (0.3ms)
  Rendered shared/_masthead.html.erb (0.3ms)
  Rendered shared/_sections_nav.html.erb (0.2ms)
  Rendered shared/_search_modal.html.erb (0.2ms)
  Rendered shared/_main_content.html.erb (0.2ms)
  Rendered static_pages/index.html.erb within layouts/application (14.6ms)
Completed 200 OK in 45ms (Views: 42.2ms | ActiveRecord: 0.0ms)


Started GET "/assets/AA_Times_Logo.png" for ::1 at 2021-07-22 16:26:46 -0700
Started GET "/" for ::1 at 2021-07-22 16:38:33 -0700
Processing by StaticPagesController#index as HTML
  Rendering static_pages/index.html.erb within layouts/application
  Rendered shared/_main_nav.html.erb (0.3ms)
  Rendered shared/_masthead.html.erb (0.3ms)
  Rendered shared/_sections_nav.html.erb (0.2ms)
  Rendered shared/_search_modal.html.erb (0.2ms)
  Rendered shared/_main_content.html.erb (0.2ms)
  Rendered static_pages/index.html.erb within layouts/application (14.1ms)
Completed 200 OK in 51ms (Views: 48.1ms | ActiveRecord: 0.0ms)


Started GET "/assets/AA_Times_Logo.png" for ::1 at 2021-07-22 16:38:33 -0700
Started GET "/" for ::1 at 2021-07-22 16:38:47 -0700
Processing by StaticPagesController#index as HTML
  Rendering static_pages/index.html.erb within layouts/application
  Rendered shared/_main_nav.html.erb (0.2ms)
  Rendered shared/_masthead.html.erb (0.2ms)
  Rendered shared/_sections_nav.html.erb (0.1ms)
  Rendered shared/_search_modal.html.erb (0.2ms)
  Rendered shared/_main_content.html.erb (0.1ms)
  Rendered static_pages/index.html.erb within layouts/application (10.2ms)
Completed 200 OK in 24ms (Views: 22.2ms | ActiveRecord: 0.0ms)


Started GET "/assets/AA_Times_Logo.png" for ::1 at 2021-07-22 16:38:47 -0700
Started GET "/" for ::1 at 2021-07-22 16:39:03 -0700
Processing by StaticPagesController#index as HTML
  Rendering static_pages/index.html.erb within layouts/application
  Rendered shared/_main_nav.html.erb (0.3ms)
  Rendered shared/_masthead.html.erb (0.2ms)
  Rendered shared/_sections_nav.html.erb (0.2ms)
  Rendered shared/_search_modal.html.erb (0.2ms)
  Rendered shared/_main_content.html.erb (0.2ms)
  Rendered static_pages/index.html.erb within layouts/application (13.3ms)
Completed 200 OK in 34ms (Views: 30.9ms | ActiveRecord: 0.0ms)


Started GET "/assets/AA_Times_Logo.png" for ::1 at 2021-07-22 16:39:03 -0700
Started GET "/" for ::1 at 2021-07-22 16:39:19 -0700
Processing by StaticPagesController#index as HTML
  Rendering static_pages/index.html.erb within layouts/application
  Rendered shared/_main_nav.html.erb (0.4ms)
  Rendered shared/_masthead.html.erb (0.4ms)
  Rendered shared/_sections_nav.html.erb (0.2ms)
  Rendered shared/_search_modal.html.erb (0.2ms)
  Rendered shared/_main_content.html.erb (0.2ms)
  Rendered static_pages/index.html.erb within layouts/application (14.3ms)
Completed 200 OK in 34ms (Views: 31.6ms | ActiveRecord: 0.0ms)


Started GET "/assets/AA_Times_Logo.png" for ::1 at 2021-07-22 16:39:19 -0700
Started GET "/" for ::1 at 2021-07-22 16:40:16 -0700
Processing by StaticPagesController#index as HTML
  Rendering static_pages/index.html.erb within layouts/application
  Rendered shared/_main_nav.html.erb (0.2ms)
  Rendered shared/_masthead.html.erb (0.3ms)
  Rendered shared/_sections_nav.html.erb (0.2ms)
  Rendered shared/_search_modal.html.erb (0.3ms)
  Rendered shared/_main_content.html.erb (0.2ms)
  Rendered static_pages/index.html.erb within layouts/application (13.6ms)
Completed 200 OK in 33ms (Views: 30.3ms | ActiveRecord: 0.0ms)


Started GET "/assets/AA_Times_Logo.png" for ::1 at 2021-07-22 16:40:16 -0700
Started GET "/" for ::1 at 2021-07-22 16:42:15 -0700
Processing by StaticPagesController#index as HTML
  Rendering static_pages/index.html.erb within layouts/application
  Rendered shared/_main_nav.html.erb (0.3ms)
  Rendered shared/_masthead.html.erb (0.3ms)
  Rendered shared/_sections_nav.html.erb (0.2ms)
  Rendered shared/_search_modal.html.erb (0.2ms)
  Rendered shared/_main_content.html.erb (0.2ms)
  Rendered static_pages/index.html.erb within layouts/application (15.3ms)
Completed 200 OK in 50ms (Views: 46.9ms | ActiveRecord: 0.0ms)


Started GET "/assets/AA_Times_Logo.png" for ::1 at 2021-07-22 16:42:15 -0700
Started GET "/" for ::1 at 2021-07-22 16:42:20 -0700
Processing by StaticPagesController#index as HTML
  Rendering static_pages/index.html.erb within layouts/application
  Rendered shared/_main_nav.html.erb (0.2ms)
  Rendered shared/_masthead.html.erb (0.2ms)
  Rendered shared/_sections_nav.html.erb (0.2ms)
  Rendered shared/_search_modal.html.erb (0.2ms)
  Rendered shared/_main_content.html.erb (0.2ms)
  Rendered static_pages/index.html.erb within layouts/application (12.9ms)
Completed 200 OK in 32ms (Views: 29.8ms | ActiveRecord: 0.0ms)


Started GET "/assets/AA_Times_Logo.png" for ::1 at 2021-07-22 16:42:20 -0700
Started GET "/" for ::1 at 2021-07-22 16:43:07 -0700
Processing by StaticPagesController#index as HTML
  Rendering static_pages/index.html.erb within layouts/application
  Rendered shared/_main_nav.html.erb (0.3ms)
  Rendered shared/_masthead.html.erb (0.3ms)
  Rendered shared/_sections_nav.html.erb (0.3ms)
  Rendered shared/_search_modal.html.erb (0.2ms)
  Rendered shared/_main_content.html.erb (0.2ms)
  Rendered static_pages/index.html.erb within layouts/application (14.7ms)
Completed 200 OK in 35ms (Views: 32.3ms | ActiveRecord: 0.0ms)


Started GET "/assets/AA_Times_Logo.png" for ::1 at 2021-07-22 16:43:07 -0700
Started GET "/" for ::1 at 2021-07-22 16:43:22 -0700
Processing by StaticPagesController#index as HTML
  Rendering static_pages/index.html.erb within layouts/application
  Rendered shared/_main_nav.html.erb (0.4ms)
  Rendered shared/_masthead.html.erb (0.3ms)
  Rendered shared/_sections_nav.html.erb (0.2ms)
  Rendered shared/_search_modal.html.erb (0.2ms)
  Rendered shared/_main_content.html.erb (0.2ms)
  Rendered static_pages/index.html.erb within layouts/application (14.0ms)
Completed 200 OK in 34ms (Views: 31.7ms | ActiveRecord: 0.0ms)


Started GET "/assets/AA_Times_Logo.png" for ::1 at 2021-07-22 16:43:22 -0700
Started GET "/" for ::1 at 2021-07-22 16:44:03 -0700
Processing by StaticPagesController#index as HTML
  Rendering static_pages/index.html.erb within layouts/application
  Rendered shared/_main_nav.html.erb (0.3ms)
  Rendered shared/_masthead.html.erb (0.3ms)
  Rendered shared/_sections_nav.html.erb (0.2ms)
  Rendered shared/_search_modal.html.erb (0.2ms)
  Rendered shared/_main_content.html.erb (0.2ms)
  Rendered static_pages/index.html.erb within layouts/application (14.7ms)
Completed 200 OK in 35ms (Views: 32.2ms | ActiveRecord: 0.0ms)


Started GET "/assets/AA_Times_Logo.png" for ::1 at 2021-07-22 16:44:03 -0700
Started GET "/" for ::1 at 2021-07-22 16:44:12 -0700
Processing by StaticPagesController#index as HTML
  Rendering static_pages/index.html.erb within layouts/application
  Rendered shared/_main_nav.html.erb (0.3ms)
  Rendered shared/_masthead.html.erb (0.3ms)
  Rendered shared/_sections_nav.html.erb (0.3ms)
  Rendered shared/_search_modal.html.erb (0.3ms)
  Rendered shared/_main_content.html.erb (0.2ms)
  Rendered static_pages/index.html.erb within layouts/application (14.9ms)
Completed 200 OK in 41ms (Views: 38.3ms | ActiveRecord: 0.0ms)


Started GET "/assets/AA_Times_Logo.png" for ::1 at 2021-07-22 16:44:12 -0700
Started GET "/assets/application.self-18670e4a28f5b19561e13122d81611fe102e90aa122b53515f72c4ad9f53c0f5.css?body=1&livereload=1626997472513" for ::1 at 2021-07-22 16:44:32 -0700
Started GET "/assets/application.self-18670e4a28f5b19561e13122d81611fe102e90aa122b53515f72c4ad9f53c0f5.css?body=1&livereload=1626997472515" for ::1 at 2021-07-22 16:44:32 -0700
Started GET "/assets/application.self-18670e4a28f5b19561e13122d81611fe102e90aa122b53515f72c4ad9f53c0f5.css?body=1&livereload=1626997483724" for ::1 at 2021-07-22 16:44:43 -0700
Started GET "/assets/application.self-18670e4a28f5b19561e13122d81611fe102e90aa122b53515f72c4ad9f53c0f5.css?body=1&livereload=1626997483725" for ::1 at 2021-07-22 16:44:43 -0700
Started GET "/" for ::1 at 2021-07-22 16:45:14 -0700
Processing by StaticPagesController#index as HTML
  Rendering static_pages/index.html.erb within layouts/application
  Rendered shared/_main_nav.html.erb (0.3ms)
  Rendered shared/_masthead.html.erb (0.3ms)
  Rendered shared/_sections_nav.html.erb (0.2ms)
  Rendered shared/_search_modal.html.erb (0.2ms)
  Rendered shared/_main_content.html.erb (0.2ms)
  Rendered static_pages/index.html.erb within layouts/application (12.9ms)
Completed 200 OK in 33ms (Views: 29.9ms | ActiveRecord: 0.0ms)


Started GET "/assets/AA_Times_Logo.png" for ::1 at 2021-07-22 16:45:14 -0700
Started GET "/assets/application.self-18670e4a28f5b19561e13122d81611fe102e90aa122b53515f72c4ad9f53c0f5.css?body=1&livereload=1626997541092" for ::1 at 2021-07-22 16:45:41 -0700
Started GET "/assets/application.self-18670e4a28f5b19561e13122d81611fe102e90aa122b53515f72c4ad9f53c0f5.css?body=1&livereload=1626997541096" for ::1 at 2021-07-22 16:45:41 -0700
Started GET "/" for ::1 at 2021-07-22 16:46:59 -0700
Processing by StaticPagesController#index as HTML
  Rendering static_pages/index.html.erb within layouts/application
  Rendered shared/_main_nav.html.erb (0.3ms)
  Rendered shared/_masthead.html.erb (0.3ms)
  Rendered shared/_sections_nav.html.erb (2.3ms)
  Rendered shared/_search_modal.html.erb (0.3ms)
  Rendered shared/_main_content.html.erb (0.3ms)
  Rendered static_pages/index.html.erb within layouts/application (17.1ms)
Completed 200 OK in 55ms (Views: 52.0ms | ActiveRecord: 0.0ms)


Started GET "/assets/application.self-7559b343dcf1c727e69daa1b4202533cbb64ff750fe5f95bcf4805a7044a6094.css?body=1" for ::1 at 2021-07-22 16:46:59 -0700
Started GET "/assets/AA_Times_Logo.png" for ::1 at 2021-07-22 16:46:59 -0700
Started GET "/assets/application.self-7559b343dcf1c727e69daa1b4202533cbb64ff750fe5f95bcf4805a7044a6094.css?body=1&livereload=1627060107776" for ::1 at 2021-07-23 10:08:27 -0700
Started GET "/assets/application.self-7559b343dcf1c727e69daa1b4202533cbb64ff750fe5f95bcf4805a7044a6094.css?body=1&livereload=1627060107777" for ::1 at 2021-07-23 10:08:27 -0700
Started GET "/assets/application.self-7559b343dcf1c727e69daa1b4202533cbb64ff750fe5f95bcf4805a7044a6094.css?body=1&livereload=1627060249845" for ::1 at 2021-07-23 10:10:49 -0700
Started GET "/assets/application.self-7559b343dcf1c727e69daa1b4202533cbb64ff750fe5f95bcf4805a7044a6094.css?body=1&livereload=1627060249847" for ::1 at 2021-07-23 10:10:49 -0700
Started GET "/assets/application.self-7559b343dcf1c727e69daa1b4202533cbb64ff750fe5f95bcf4805a7044a6094.css?body=1&livereload=1627060311935" for ::1 at 2021-07-23 10:11:51 -0700
Started GET "/assets/application.self-7559b343dcf1c727e69daa1b4202533cbb64ff750fe5f95bcf4805a7044a6094.css?body=1&livereload=1627060311936" for ::1 at 2021-07-23 10:11:51 -0700
Started GET "/assets/application.self-7559b343dcf1c727e69daa1b4202533cbb64ff750fe5f95bcf4805a7044a6094.css?body=1&livereload=1627060384954" for ::1 at 2021-07-23 10:13:04 -0700
Started GET "/assets/application.self-7559b343dcf1c727e69daa1b4202533cbb64ff750fe5f95bcf4805a7044a6094.css?body=1&livereload=1627060384955" for ::1 at 2021-07-23 10:13:04 -0700
Started GET "/assets/application.self-7559b343dcf1c727e69daa1b4202533cbb64ff750fe5f95bcf4805a7044a6094.css?body=1&livereload=1627060515677" for ::1 at 2021-07-23 10:15:15 -0700
Started GET "/assets/application.self-7559b343dcf1c727e69daa1b4202533cbb64ff750fe5f95bcf4805a7044a6094.css?body=1&livereload=1627060515678" for ::1 at 2021-07-23 10:15:15 -0700
Started GET "/" for ::1 at 2021-07-23 10:16:04 -0700
Processing by StaticPagesController#index as HTML
  Rendering static_pages/index.html.erb within layouts/application
  Rendered shared/_main_nav.html.erb (0.3ms)
  Rendered shared/_masthead.html.erb (3.7ms)
  Rendered shared/_sections_nav.html.erb (0.3ms)
  Rendered shared/_search_modal.html.erb (0.2ms)
  Rendered shared/_main_content.html.erb (0.2ms)
  Rendered static_pages/index.html.erb within layouts/application (18.3ms)
Completed 200 OK in 80ms (Views: 77.3ms | ActiveRecord: 0.0ms)


Started GET "/assets/application.self-be713847ab2ffd73aaa3448f6a8b21ea2ddb2c2330ee4fd25bf072caac173fc2.css?body=1" for ::1 at 2021-07-23 10:16:04 -0700
Started GET "/assets/AA_Times_Logo.png" for ::1 at 2021-07-23 10:16:04 -0700
Started GET "/" for ::1 at 2021-07-23 10:16:32 -0700
Processing by StaticPagesController#index as HTML
  Rendering static_pages/index.html.erb within layouts/application
  Rendered shared/_main_nav.html.erb (0.3ms)
  Rendered shared/_masthead.html.erb (0.2ms)
  Rendered shared/_sections_nav.html.erb (0.2ms)
  Rendered shared/_search_modal.html.erb (0.2ms)
  Rendered shared/_main_content.html.erb (0.2ms)
  Rendered static_pages/index.html.erb within layouts/application (13.1ms)
Completed 200 OK in 34ms (Views: 30.9ms | ActiveRecord: 0.0ms)


Started GET "/assets/AA_Times_Logo.png" for ::1 at 2021-07-23 10:16:32 -0700
Started GET "/" for ::1 at 2021-07-23 10:16:38 -0700
Processing by StaticPagesController#index as HTML
  Rendering static_pages/index.html.erb within layouts/application
  Rendered shared/_main_nav.html.erb (0.4ms)
  Rendered shared/_masthead.html.erb (0.3ms)
  Rendered shared/_sections_nav.html.erb (0.2ms)
  Rendered shared/_search_modal.html.erb (0.2ms)
  Rendered shared/_main_content.html.erb (0.2ms)
  Rendered static_pages/index.html.erb within layouts/application (14.8ms)
Completed 200 OK in 41ms (Views: 37.7ms | ActiveRecord: 0.0ms)


Started GET "/assets/AA_Times_Logo.png" for ::1 at 2021-07-23 10:16:38 -0700
Started GET "/assets/application.self-be713847ab2ffd73aaa3448f6a8b21ea2ddb2c2330ee4fd25bf072caac173fc2.css?body=1&livereload=1627060651650" for ::1 at 2021-07-23 10:17:31 -0700
Started GET "/assets/application.self-be713847ab2ffd73aaa3448f6a8b21ea2ddb2c2330ee4fd25bf072caac173fc2.css?body=1&livereload=1627060651651" for ::1 at 2021-07-23 10:17:31 -0700
Started GET "/" for ::1 at 2021-07-23 10:18:23 -0700
Processing by StaticPagesController#index as HTML
  Rendering static_pages/index.html.erb within layouts/application
  Rendered shared/_main_nav.html.erb (0.3ms)
  Rendered shared/_masthead.html.erb (0.2ms)
  Rendered shared/_sections_nav.html.erb (0.2ms)
  Rendered shared/_search_modal.html.erb (0.2ms)
  Rendered shared/_main_content.html.erb (0.2ms)
  Rendered static_pages/index.html.erb within layouts/application (13.3ms)
Completed 200 OK in 47ms (Views: 44.3ms | ActiveRecord: 0.0ms)


Started GET "/assets/application.self-13bd22ce4b64405256c05df85d7f23eb9f6c871d9902ea989712a23e33d7de92.css?body=1" for ::1 at 2021-07-23 10:18:23 -0700
Started GET "/assets/AA_Times_Logo.png" for ::1 at 2021-07-23 10:18:23 -0700
Started GET "/" for ::1 at 2021-07-23 10:18:36 -0700
Processing by StaticPagesController#index as HTML
  Rendering static_pages/index.html.erb within layouts/application
  Rendered shared/_main_nav.html.erb (0.2ms)
  Rendered shared/_masthead.html.erb (0.2ms)
  Rendered shared/_sections_nav.html.erb (3.4ms)
  Rendered shared/_search_modal.html.erb (0.3ms)
  Rendered shared/_main_content.html.erb (0.2ms)
  Rendered static_pages/index.html.erb within layouts/application (16.6ms)
Completed 200 OK in 42ms (Views: 39.1ms | ActiveRecord: 0.0ms)


Started GET "/assets/AA_Times_Logo.png" for ::1 at 2021-07-23 10:18:36 -0700
Started GET "/" for ::1 at 2021-07-23 10:18:46 -0700
Processing by StaticPagesController#index as HTML
  Rendering static_pages/index.html.erb within layouts/application
  Rendered shared/_main_nav.html.erb (0.3ms)
  Rendered shared/_masthead.html.erb (0.4ms)
  Rendered shared/_sections_nav.html.erb (0.3ms)
  Rendered shared/_search_modal.html.erb (0.2ms)
  Rendered shared/_main_content.html.erb (0.2ms)
  Rendered static_pages/index.html.erb within layouts/application (15.8ms)
Completed 200 OK in 38ms (Views: 35.0ms | ActiveRecord: 0.0ms)


Started GET "/assets/AA_Times_Logo.png" for ::1 at 2021-07-23 10:18:46 -0700
Started GET "/" for ::1 at 2021-07-23 10:18:59 -0700
Processing by StaticPagesController#index as HTML
  Rendering static_pages/index.html.erb within layouts/application
  Rendered shared/_main_nav.html.erb (0.3ms)
  Rendered shared/_masthead.html.erb (0.3ms)
  Rendered shared/_sections_nav.html.erb (0.2ms)
  Rendered shared/_search_modal.html.erb (0.2ms)
  Rendered shared/_main_content.html.erb (0.2ms)
  Rendered static_pages/index.html.erb within layouts/application (17.2ms)
Completed 200 OK in 44ms (Views: 41.2ms | ActiveRecord: 0.0ms)


Started GET "/assets/AA_Times_Logo.png" for ::1 at 2021-07-23 10:18:59 -0700
Started GET "/" for ::1 at 2021-07-23 10:19:06 -0700
Processing by StaticPagesController#index as HTML
  Rendering static_pages/index.html.erb within layouts/application
  Rendered shared/_main_nav.html.erb (0.3ms)
  Rendered shared/_masthead.html.erb (0.3ms)
  Rendered shared/_sections_nav.html.erb (0.2ms)
  Rendered shared/_search_modal.html.erb (0.2ms)
  Rendered shared/_main_content.html.erb (0.2ms)
  Rendered static_pages/index.html.erb within layouts/application (12.9ms)
Completed 200 OK in 32ms (Views: 30.0ms | ActiveRecord: 0.0ms)


Started GET "/assets/AA_Times_Logo.png" for ::1 at 2021-07-23 10:19:06 -0700
Started GET "/assets/application.self-13bd22ce4b64405256c05df85d7f23eb9f6c871d9902ea989712a23e33d7de92.css?body=1&livereload=1627060799729" for ::1 at 2021-07-23 10:19:59 -0700
Started GET "/assets/application.self-13bd22ce4b64405256c05df85d7f23eb9f6c871d9902ea989712a23e33d7de92.css?body=1&livereload=1627060799730" for ::1 at 2021-07-23 10:19:59 -0700
Started GET "/assets/application.self-13bd22ce4b64405256c05df85d7f23eb9f6c871d9902ea989712a23e33d7de92.css?body=1&livereload=1627060825155" for ::1 at 2021-07-23 10:20:25 -0700
Started GET "/assets/application.self-13bd22ce4b64405256c05df85d7f23eb9f6c871d9902ea989712a23e33d7de92.css?body=1&livereload=1627060825156" for ::1 at 2021-07-23 10:20:25 -0700
Started GET "/assets/application.self-13bd22ce4b64405256c05df85d7f23eb9f6c871d9902ea989712a23e33d7de92.css?body=1&livereload=1627060841269" for ::1 at 2021-07-23 10:20:41 -0700
Started GET "/assets/application.self-13bd22ce4b64405256c05df85d7f23eb9f6c871d9902ea989712a23e33d7de92.css?body=1&livereload=1627060841270" for ::1 at 2021-07-23 10:20:41 -0700
Started GET "/assets/application.self-13bd22ce4b64405256c05df85d7f23eb9f6c871d9902ea989712a23e33d7de92.css?body=1&livereload=1627060867421" for ::1 at 2021-07-23 10:21:07 -0700
Started GET "/assets/application.self-13bd22ce4b64405256c05df85d7f23eb9f6c871d9902ea989712a23e33d7de92.css?body=1&livereload=1627060867423" for ::1 at 2021-07-23 10:21:07 -0700
Started GET "/assets/application.self-13bd22ce4b64405256c05df85d7f23eb9f6c871d9902ea989712a23e33d7de92.css?body=1&livereload=1627060871581" for ::1 at 2021-07-23 10:21:11 -0700
Started GET "/assets/application.self-13bd22ce4b64405256c05df85d7f23eb9f6c871d9902ea989712a23e33d7de92.css?body=1&livereload=1627060871582" for ::1 at 2021-07-23 10:21:11 -0700
Started GET "/assets/application.self-13bd22ce4b64405256c05df85d7f23eb9f6c871d9902ea989712a23e33d7de92.css?body=1&livereload=1627060940793" for ::1 at 2021-07-23 10:22:20 -0700
Started GET "/assets/application.self-13bd22ce4b64405256c05df85d7f23eb9f6c871d9902ea989712a23e33d7de92.css?body=1&livereload=1627060940794" for ::1 at 2021-07-23 10:22:20 -0700
Started GET "/assets/application.self-13bd22ce4b64405256c05df85d7f23eb9f6c871d9902ea989712a23e33d7de92.css?body=1&livereload=1627060949706" for ::1 at 2021-07-23 10:22:29 -0700
Started GET "/assets/application.self-13bd22ce4b64405256c05df85d7f23eb9f6c871d9902ea989712a23e33d7de92.css?body=1&livereload=1627060949707" for ::1 at 2021-07-23 10:22:29 -0700
Started GET "/assets/application.self-13bd22ce4b64405256c05df85d7f23eb9f6c871d9902ea989712a23e33d7de92.css?body=1&livereload=1627060962422" for ::1 at 2021-07-23 10:22:42 -0700
Started GET "/assets/application.self-13bd22ce4b64405256c05df85d7f23eb9f6c871d9902ea989712a23e33d7de92.css?body=1&livereload=1627060962424" for ::1 at 2021-07-23 10:22:42 -0700
Started GET "/assets/application.self-13bd22ce4b64405256c05df85d7f23eb9f6c871d9902ea989712a23e33d7de92.css?body=1&livereload=1627060981302" for ::1 at 2021-07-23 10:23:01 -0700
Started GET "/assets/application.self-13bd22ce4b64405256c05df85d7f23eb9f6c871d9902ea989712a23e33d7de92.css?body=1&livereload=1627060981303" for ::1 at 2021-07-23 10:23:01 -0700
Started GET "/assets/application.self-13bd22ce4b64405256c05df85d7f23eb9f6c871d9902ea989712a23e33d7de92.css?body=1&livereload=1627060988913" for ::1 at 2021-07-23 10:23:08 -0700
Started GET "/assets/application.self-13bd22ce4b64405256c05df85d7f23eb9f6c871d9902ea989712a23e33d7de92.css?body=1&livereload=1627060988914" for ::1 at 2021-07-23 10:23:08 -0700
Started GET "/assets/application.self-13bd22ce4b64405256c05df85d7f23eb9f6c871d9902ea989712a23e33d7de92.css?body=1&livereload=1627061024295" for ::1 at 2021-07-23 10:23:44 -0700
Started GET "/assets/application.self-13bd22ce4b64405256c05df85d7f23eb9f6c871d9902ea989712a23e33d7de92.css?body=1&livereload=1627061024297" for ::1 at 2021-07-23 10:23:44 -0700
Started GET "/assets/application.self-13bd22ce4b64405256c05df85d7f23eb9f6c871d9902ea989712a23e33d7de92.css?body=1&livereload=1627061038270" for ::1 at 2021-07-23 10:23:58 -0700
Started GET "/assets/application.self-13bd22ce4b64405256c05df85d7f23eb9f6c871d9902ea989712a23e33d7de92.css?body=1&livereload=1627061038272" for ::1 at 2021-07-23 10:23:58 -0700
Started GET "/assets/application.self-13bd22ce4b64405256c05df85d7f23eb9f6c871d9902ea989712a23e33d7de92.css?body=1&livereload=1627061140526" for ::1 at 2021-07-23 10:25:40 -0700
Started GET "/assets/application.self-13bd22ce4b64405256c05df85d7f23eb9f6c871d9902ea989712a23e33d7de92.css?body=1&livereload=1627061140527" for ::1 at 2021-07-23 10:25:40 -0700
Started GET "/assets/application.self-13bd22ce4b64405256c05df85d7f23eb9f6c871d9902ea989712a23e33d7de92.css?body=1&livereload=1627061153037" for ::1 at 2021-07-23 10:25:53 -0700
Started GET "/assets/application.self-13bd22ce4b64405256c05df85d7f23eb9f6c871d9902ea989712a23e33d7de92.css?body=1&livereload=1627061153038" for ::1 at 2021-07-23 10:25:53 -0700
Started GET "/" for ::1 at 2021-07-23 10:27:03 -0700
Processing by StaticPagesController#index as HTML
  Rendering static_pages/index.html.erb within layouts/application
  Rendered shared/_main_nav.html.erb (0.3ms)
  Rendered shared/_masthead.html.erb (2.0ms)
  Rendered shared/_sections_nav.html.erb (0.2ms)
  Rendered shared/_search_modal.html.erb (0.2ms)
  Rendered shared/_main_content.html.erb (0.2ms)
  Rendered static_pages/index.html.erb within layouts/application (16.0ms)
Completed 200 OK in 54ms (Views: 50.6ms | ActiveRecord: 0.0ms)


Started GET "/assets/application.self-d5330c5a169bf4f22029bcce83ae6f2977ea6ae357585102b731a21dce0da67c.css?body=1" for ::1 at 2021-07-23 10:27:03 -0700
Started GET "/assets/AA_Times_Logo.png" for ::1 at 2021-07-23 10:27:03 -0700
Started GET "/" for ::1 at 2021-07-23 10:27:45 -0700
Processing by StaticPagesController#index as HTML
  Rendering static_pages/index.html.erb within layouts/application
  Rendered shared/_main_nav.html.erb (0.3ms)
  Rendered shared/_masthead.html.erb (0.3ms)
  Rendered shared/_sections_nav.html.erb (0.2ms)
  Rendered shared/_search_modal.html.erb (0.2ms)
  Rendered shared/_main_content.html.erb (0.2ms)
  Rendered static_pages/index.html.erb within layouts/application (15.3ms)
Completed 200 OK in 37ms (Views: 34.6ms | ActiveRecord: 0.0ms)


Started GET "/assets/AA_Times_Logo.png" for ::1 at 2021-07-23 10:27:45 -0700
Started GET "/assets/application.self-d5330c5a169bf4f22029bcce83ae6f2977ea6ae357585102b731a21dce0da67c.css?body=1&livereload=1627061327821" for ::1 at 2021-07-23 10:28:47 -0700
Started GET "/assets/application.self-d5330c5a169bf4f22029bcce83ae6f2977ea6ae357585102b731a21dce0da67c.css?body=1&livereload=1627061327823" for ::1 at 2021-07-23 10:28:47 -0700
Started GET "/" for ::1 at 2021-07-23 10:58:41 -0700
Processing by StaticPagesController#index as HTML
  Rendering static_pages/index.html.erb within layouts/application
  Rendered shared/_gear_dropdown.html.erb (0.3ms)
  Rendered shared/_main_nav.html.erb (8.0ms)
  Rendered shared/_masthead.html.erb (0.3ms)
  Rendered shared/_sections_nav.html.erb (0.2ms)
  Rendered shared/_search_modal.html.erb (0.2ms)
  Rendered shared/_main_content.html.erb (0.2ms)
  Rendered static_pages/index.html.erb within layouts/application (21.4ms)
Completed 200 OK in 50ms (Views: 47.1ms | ActiveRecord: 0.0ms)


Started GET "/assets/application.self-a27842e1943b94829bdaf96fe679154d0725ad79b94dd6ee5abda7e1f053b937.css?body=1" for ::1 at 2021-07-23 10:58:42 -0700
Started GET "/assets/AA_Times_Logo.png" for ::1 at 2021-07-23 10:58:42 -0700
Started GET "/" for ::1 at 2021-07-23 10:59:38 -0700
Processing by StaticPagesController#index as HTML
  Rendering static_pages/index.html.erb within layouts/application
  Rendered shared/_gear_dropdown.html.erb (0.3ms)
  Rendered shared/_main_nav.html.erb (3.6ms)
  Rendered shared/_masthead.html.erb (0.3ms)
  Rendered shared/_sections_nav.html.erb (0.3ms)
  Rendered shared/_search_modal.html.erb (4.3ms)
  Rendered shared/_main_content.html.erb (0.3ms)
  Rendered static_pages/index.html.erb within layouts/application (22.1ms)
Completed 200 OK in 42ms (Views: 40.1ms | ActiveRecord: 0.0ms)


Started GET "/assets/AA_Times_Logo.png" for ::1 at 2021-07-23 10:59:38 -0700
Started GET "/" for ::1 at 2021-07-23 11:21:21 -0700
Processing by StaticPagesController#index as HTML
  Rendering static_pages/index.html.erb within layouts/application
  Rendered shared/_gear_dropdown.html.erb (0.4ms)
  Rendered shared/_main_nav.html.erb (3.7ms)
  Rendered shared/_masthead.html.erb (0.3ms)
  Rendered shared/_sections_nav.html.erb (0.3ms)
  Rendered shared/_search_modal.html.erb (0.3ms)
  Rendered shared/_main_content.html.erb (0.3ms)
  Rendered static_pages/index.html.erb within layouts/application (20.3ms)
Completed 200 OK in 85ms (Views: 81.7ms | ActiveRecord: 0.0ms)


Started GET "/assets/AA_Times_Logo.png" for ::1 at 2021-07-23 11:21:21 -0700
Started GET "/" for ::1 at 2021-07-23 11:22:11 -0700
Processing by StaticPagesController#index as HTML
  Rendering static_pages/index.html.erb within layouts/application
  Rendered shared/_gear_dropdown.html.erb (0.3ms)
  Rendered shared/_main_nav.html.erb (3.5ms)
  Rendered shared/_masthead.html.erb (0.3ms)
  Rendered shared/_sections_nav.html.erb (4.7ms)
  Rendered shared/_search_modal.html.erb (0.2ms)
  Rendered shared/_main_content.html.erb (0.3ms)
  Rendered static_pages/index.html.erb within layouts/application (23.6ms)
Completed 200 OK in 50ms (Views: 47.3ms | ActiveRecord: 0.0ms)


Started GET "/assets/AA_Times_Logo.png" for ::1 at 2021-07-23 11:22:11 -0700
Started GET "/assets/application.self-a27842e1943b94829bdaf96fe679154d0725ad79b94dd6ee5abda7e1f053b937.css?body=1&livereload=1627064557302" for ::1 at 2021-07-23 11:22:37 -0700
Started GET "/assets/application.self-a27842e1943b94829bdaf96fe679154d0725ad79b94dd6ee5abda7e1f053b937.css?body=1&livereload=1627064557304" for ::1 at 2021-07-23 11:22:37 -0700
Started GET "/assets/application.self-a27842e1943b94829bdaf96fe679154d0725ad79b94dd6ee5abda7e1f053b937.css?body=1&livereload=1627064564186" for ::1 at 2021-07-23 11:22:44 -0700
Started GET "/assets/application.self-a27842e1943b94829bdaf96fe679154d0725ad79b94dd6ee5abda7e1f053b937.css?body=1&livereload=1627064564188" for ::1 at 2021-07-23 11:22:44 -0700
Started GET "/" for ::1 at 2021-07-23 11:23:11 -0700
Processing by StaticPagesController#index as HTML
  Rendering static_pages/index.html.erb within layouts/application
  Rendered shared/_gear_dropdown.html.erb (0.2ms)
  Rendered shared/_main_nav.html.erb (3.0ms)
  Rendered shared/_masthead.html.erb (0.3ms)
  Rendered shared/_sections_nav.html.erb (0.3ms)
  Rendered shared/_search_modal.html.erb (0.3ms)
  Rendered shared/_main_content.html.erb (0.2ms)
  Rendered static_pages/index.html.erb within layouts/application (17.1ms)
Completed 200 OK in 54ms (Views: 51.3ms | ActiveRecord: 0.0ms)


Started GET "/assets/application.self-78c578c945602601cf3ad25c2c7c905ce86573613f80597646ada543783b640f.css?body=1" for ::1 at 2021-07-23 11:23:11 -0700
Started GET "/assets/AA_Times_Logo.png" for ::1 at 2021-07-23 11:23:11 -0700
Started GET "/" for ::1 at 2021-07-23 11:23:15 -0700
Processing by StaticPagesController#index as HTML
  Rendering static_pages/index.html.erb within layouts/application
  Rendered shared/_gear_dropdown.html.erb (2.9ms)
  Rendered shared/_main_nav.html.erb (5.9ms)
  Rendered shared/_masthead.html.erb (0.3ms)
  Rendered shared/_sections_nav.html.erb (0.2ms)
  Rendered shared/_search_modal.html.erb (0.2ms)
  Rendered shared/_main_content.html.erb (0.2ms)
  Rendered static_pages/index.html.erb within layouts/application (18.8ms)
Completed 200 OK in 38ms (Views: 35.7ms | ActiveRecord: 0.0ms)


Started GET "/assets/AA_Times_Logo.png" for ::1 at 2021-07-23 11:23:15 -0700
Started GET "/assets/application.self-78c578c945602601cf3ad25c2c7c905ce86573613f80597646ada543783b640f.css?body=1&livereload=1627064877022" for ::1 at 2021-07-23 11:27:57 -0700
Started GET "/assets/application.self-78c578c945602601cf3ad25c2c7c905ce86573613f80597646ada543783b640f.css?body=1&livereload=1627064877023" for ::1 at 2021-07-23 11:27:57 -0700
Started GET "/assets/application.self-78c578c945602601cf3ad25c2c7c905ce86573613f80597646ada543783b640f.css?body=1&livereload=1627064886927" for ::1 at 2021-07-23 11:28:06 -0700
Started GET "/assets/application.self-78c578c945602601cf3ad25c2c7c905ce86573613f80597646ada543783b640f.css?body=1&livereload=1627064886928" for ::1 at 2021-07-23 11:28:06 -0700
Started GET "/assets/application.self-78c578c945602601cf3ad25c2c7c905ce86573613f80597646ada543783b640f.css?body=1&livereload=1627064918672" for ::1 at 2021-07-23 11:28:38 -0700
Started GET "/assets/application.self-78c578c945602601cf3ad25c2c7c905ce86573613f80597646ada543783b640f.css?body=1&livereload=1627064918674" for ::1 at 2021-07-23 11:28:38 -0700
Started GET "/assets/application.self-78c578c945602601cf3ad25c2c7c905ce86573613f80597646ada543783b640f.css?body=1&livereload=1627064936116" for ::1 at 2021-07-23 11:28:56 -0700
Started GET "/assets/application.self-78c578c945602601cf3ad25c2c7c905ce86573613f80597646ada543783b640f.css?body=1&livereload=1627064936117" for ::1 at 2021-07-23 11:28:56 -0700
Started GET "/assets/application.self-78c578c945602601cf3ad25c2c7c905ce86573613f80597646ada543783b640f.css?body=1&livereload=1627065013970" for ::1 at 2021-07-23 11:30:13 -0700
Started GET "/assets/application.self-78c578c945602601cf3ad25c2c7c905ce86573613f80597646ada543783b640f.css?body=1&livereload=1627065013971" for ::1 at 2021-07-23 11:30:13 -0700
Started GET "/assets/application.self-78c578c945602601cf3ad25c2c7c905ce86573613f80597646ada543783b640f.css?body=1&livereload=1627065027621" for ::1 at 2021-07-23 11:30:27 -0700
Started GET "/assets/application.self-78c578c945602601cf3ad25c2c7c905ce86573613f80597646ada543783b640f.css?body=1&livereload=1627065027622" for ::1 at 2021-07-23 11:30:27 -0700
Started GET "/assets/application.self-78c578c945602601cf3ad25c2c7c905ce86573613f80597646ada543783b640f.css?body=1&livereload=1627065094132" for ::1 at 2021-07-23 11:31:34 -0700
Started GET "/assets/application.self-78c578c945602601cf3ad25c2c7c905ce86573613f80597646ada543783b640f.css?body=1&livereload=1627065094133" for ::1 at 2021-07-23 11:31:34 -0700
Started GET "/assets/application.self-78c578c945602601cf3ad25c2c7c905ce86573613f80597646ada543783b640f.css?body=1&livereload=1627065103048" for ::1 at 2021-07-23 11:31:43 -0700
Started GET "/assets/application.self-78c578c945602601cf3ad25c2c7c905ce86573613f80597646ada543783b640f.css?body=1&livereload=1627065103049" for ::1 at 2021-07-23 11:31:43 -0700
Started GET "/assets/application.self-78c578c945602601cf3ad25c2c7c905ce86573613f80597646ada543783b640f.css?body=1&livereload=1627065109836" for ::1 at 2021-07-23 11:31:49 -0700
Started GET "/assets/application.self-78c578c945602601cf3ad25c2c7c905ce86573613f80597646ada543783b640f.css?body=1&livereload=1627065109837" for ::1 at 2021-07-23 11:31:49 -0700
Started GET "/assets/application.self-78c578c945602601cf3ad25c2c7c905ce86573613f80597646ada543783b640f.css?body=1&livereload=1627065135910" for ::1 at 2021-07-23 11:32:15 -0700
Started GET "/assets/application.self-78c578c945602601cf3ad25c2c7c905ce86573613f80597646ada543783b640f.css?body=1&livereload=1627065135912" for ::1 at 2021-07-23 11:32:15 -0700
Started GET "/assets/application.self-78c578c945602601cf3ad25c2c7c905ce86573613f80597646ada543783b640f.css?body=1&livereload=1627065754079" for ::1 at 2021-07-23 11:42:34 -0700
Started GET "/assets/application.self-78c578c945602601cf3ad25c2c7c905ce86573613f80597646ada543783b640f.css?body=1&livereload=1627065754080" for ::1 at 2021-07-23 11:42:34 -0700
Started GET "/assets/application.self-78c578c945602601cf3ad25c2c7c905ce86573613f80597646ada543783b640f.css?body=1&livereload=1627065763510" for ::1 at 2021-07-23 11:42:43 -0700
Started GET "/assets/application.self-78c578c945602601cf3ad25c2c7c905ce86573613f80597646ada543783b640f.css?body=1&livereload=1627065763511" for ::1 at 2021-07-23 11:42:43 -0700
Started GET "/assets/application.self-78c578c945602601cf3ad25c2c7c905ce86573613f80597646ada543783b640f.css?body=1&livereload=1627065774733" for ::1 at 2021-07-23 11:42:54 -0700
Started GET "/assets/application.self-78c578c945602601cf3ad25c2c7c905ce86573613f80597646ada543783b640f.css?body=1&livereload=1627065774735" for ::1 at 2021-07-23 11:42:54 -0700
Started GET "/assets/application.self-78c578c945602601cf3ad25c2c7c905ce86573613f80597646ada543783b640f.css?body=1&livereload=1627065777417" for ::1 at 2021-07-23 11:42:57 -0700
Started GET "/assets/application.self-78c578c945602601cf3ad25c2c7c905ce86573613f80597646ada543783b640f.css?body=1&livereload=1627065777418" for ::1 at 2021-07-23 11:42:57 -0700
Started GET "/assets/application.self-78c578c945602601cf3ad25c2c7c905ce86573613f80597646ada543783b640f.css?body=1&livereload=1627065787962" for ::1 at 2021-07-23 11:43:07 -0700
Started GET "/assets/application.self-78c578c945602601cf3ad25c2c7c905ce86573613f80597646ada543783b640f.css?body=1&livereload=1627065787963" for ::1 at 2021-07-23 11:43:07 -0700
Started GET "/assets/application.self-78c578c945602601cf3ad25c2c7c905ce86573613f80597646ada543783b640f.css?body=1&livereload=1627065793051" for ::1 at 2021-07-23 11:43:13 -0700
Started GET "/assets/application.self-78c578c945602601cf3ad25c2c7c905ce86573613f80597646ada543783b640f.css?body=1&livereload=1627065793052" for ::1 at 2021-07-23 11:43:13 -0700
Started GET "/assets/application.self-78c578c945602601cf3ad25c2c7c905ce86573613f80597646ada543783b640f.css?body=1&livereload=1627065797603" for ::1 at 2021-07-23 11:43:17 -0700
Started GET "/assets/application.self-78c578c945602601cf3ad25c2c7c905ce86573613f80597646ada543783b640f.css?body=1&livereload=1627065797604" for ::1 at 2021-07-23 11:43:17 -0700
Started GET "/assets/application.self-78c578c945602601cf3ad25c2c7c905ce86573613f80597646ada543783b640f.css?body=1&livereload=1627065805214" for ::1 at 2021-07-23 11:43:25 -0700
Started GET "/assets/application.self-78c578c945602601cf3ad25c2c7c905ce86573613f80597646ada543783b640f.css?body=1&livereload=1627065805215" for ::1 at 2021-07-23 11:43:25 -0700
Started GET "/assets/application.self-78c578c945602601cf3ad25c2c7c905ce86573613f80597646ada543783b640f.css?body=1&livereload=1627065810216" for ::1 at 2021-07-23 11:43:30 -0700
Started GET "/assets/application.self-78c578c945602601cf3ad25c2c7c905ce86573613f80597646ada543783b640f.css?body=1&livereload=1627065810217" for ::1 at 2021-07-23 11:43:30 -0700
Started GET "/assets/application.self-78c578c945602601cf3ad25c2c7c905ce86573613f80597646ada543783b640f.css?body=1&livereload=1627065818313" for ::1 at 2021-07-23 11:43:38 -0700
Started GET "/assets/application.self-78c578c945602601cf3ad25c2c7c905ce86573613f80597646ada543783b640f.css?body=1&livereload=1627065818314" for ::1 at 2021-07-23 11:43:38 -0700
Started GET "/assets/application.self-78c578c945602601cf3ad25c2c7c905ce86573613f80597646ada543783b640f.css?body=1&livereload=1627065862023" for ::1 at 2021-07-23 11:44:22 -0700
Started GET "/assets/application.self-78c578c945602601cf3ad25c2c7c905ce86573613f80597646ada543783b640f.css?body=1&livereload=1627065862024" for ::1 at 2021-07-23 11:44:22 -0700
Started GET "/assets/application.self-78c578c945602601cf3ad25c2c7c905ce86573613f80597646ada543783b640f.css?body=1&livereload=1627065872516" for ::1 at 2021-07-23 11:44:32 -0700
Started GET "/assets/application.self-78c578c945602601cf3ad25c2c7c905ce86573613f80597646ada543783b640f.css?body=1&livereload=1627065872517" for ::1 at 2021-07-23 11:44:32 -0700
Started GET "/assets/application.self-78c578c945602601cf3ad25c2c7c905ce86573613f80597646ada543783b640f.css?body=1&livereload=1627065902963" for ::1 at 2021-07-23 11:45:02 -0700
Started GET "/assets/application.self-78c578c945602601cf3ad25c2c7c905ce86573613f80597646ada543783b640f.css?body=1&livereload=1627065902964" for ::1 at 2021-07-23 11:45:02 -0700
Started GET "/assets/application.self-78c578c945602601cf3ad25c2c7c905ce86573613f80597646ada543783b640f.css?body=1&livereload=1627065905844" for ::1 at 2021-07-23 11:45:05 -0700
Started GET "/assets/application.self-78c578c945602601cf3ad25c2c7c905ce86573613f80597646ada543783b640f.css?body=1&livereload=1627065905845" for ::1 at 2021-07-23 11:45:05 -0700
Started GET "/assets/application.self-78c578c945602601cf3ad25c2c7c905ce86573613f80597646ada543783b640f.css?body=1&livereload=1627065919593" for ::1 at 2021-07-23 11:45:19 -0700
Started GET "/assets/application.self-78c578c945602601cf3ad25c2c7c905ce86573613f80597646ada543783b640f.css?body=1&livereload=1627065919594" for ::1 at 2021-07-23 11:45:19 -0700
Started GET "/assets/application.self-78c578c945602601cf3ad25c2c7c905ce86573613f80597646ada543783b640f.css?body=1&livereload=1627065941923" for ::1 at 2021-07-23 11:45:41 -0700
Started GET "/assets/application.self-78c578c945602601cf3ad25c2c7c905ce86573613f80597646ada543783b640f.css?body=1&livereload=1627065941924" for ::1 at 2021-07-23 11:45:41 -0700
